{"/mnt/8cf5bec7-9abe-428f-b59e-251fc897896c/Documents/bpmn-simulation/test/test.spec.ts":{"path":"/mnt/8cf5bec7-9abe-428f-b59e-251fc897896c/Documents/bpmn-simulation/test/test.spec.ts","statementMap":{"0":{"start":{"line":2,"column":0},"end":{"line":2,"column":62}},"1":{"start":{"line":3,"column":18},"end":{"line":3,"column":60}},"2":{"start":{"line":4,"column":17},"end":{"line":4,"column":58}},"3":{"start":{"line":5,"column":13},"end":{"line":5,"column":28}},"4":{"start":{"line":6,"column":0},"end":{"line":6,"column":17}},"5":{"start":{"line":7,"column":26},"end":{"line":7,"column":82}},"6":{"start":{"line":8,"column":24},"end":{"line":8,"column":72}},"7":{"start":{"line":9,"column":17},"end":{"line":9,"column":58}},"8":{"start":{"line":10,"column":27},"end":{"line":10,"column":78}},"9":{"start":{"line":11,"column":17},"end":{"line":11,"column":58}},"10":{"start":{"line":12,"column":18},"end":{"line":12,"column":66}},"11":{"start":{"line":13,"column":19},"end":{"line":13,"column":68}},"12":{"start":{"line":14,"column":28},"end":{"line":14,"column":86}},"13":{"start":{"line":15,"column":22},"end":{"line":15,"column":74}},"14":{"start":{"line":16,"column":30},"end":{"line":16,"column":90}},"15":{"start":{"line":17,"column":17},"end":{"line":17,"column":60}},"16":{"start":{"line":18,"column":21},"end":{"line":18,"column":68}},"17":{"start":{"line":19,"column":27},"end":{"line":19,"column":80}},"18":{"start":{"line":20,"column":26},"end":{"line":20,"column":78}},"19":{"start":{"line":21,"column":23},"end":{"line":21,"column":72}},"20":{"start":{"line":22,"column":26},"end":{"line":22,"column":78}},"21":{"start":{"line":23,"column":23},"end":{"line":23,"column":72}},"22":{"start":{"line":24,"column":27},"end":{"line":24,"column":80}},"23":{"start":{"line":25,"column":27},"end":{"line":25,"column":80}},"24":{"start":{"line":26,"column":24},"end":{"line":26,"column":58}},"25":{"start":{"line":27,"column":16},"end":{"line":27,"column":43}},"26":{"start":{"line":28,"column":0},"end":{"line":47,"column":3}},"27":{"start":{"line":29,"column":19},"end":{"line":29,"column":44}},"28":{"start":{"line":30,"column":4},"end":{"line":30,"column":32}},"29":{"start":{"line":31,"column":13},"end":{"line":31,"column":47}},"30":{"start":{"line":32,"column":4},"end":{"line":32,"column":36}},"31":{"start":{"line":33,"column":4},"end":{"line":33,"column":26}},"32":{"start":{"line":34,"column":4},"end":{"line":34,"column":36}},"33":{"start":{"line":35,"column":4},"end":{"line":37,"column":7}},"34":{"start":{"line":36,"column":8},"end":{"line":36,"column":72}},"35":{"start":{"line":38,"column":4},"end":{"line":40,"column":7}},"36":{"start":{"line":39,"column":8},"end":{"line":39,"column":83}},"37":{"start":{"line":41,"column":4},"end":{"line":43,"column":7}},"38":{"start":{"line":42,"column":8},"end":{"line":42,"column":90}},"39":{"start":{"line":44,"column":4},"end":{"line":46,"column":7}},"40":{"start":{"line":45,"column":8},"end":{"line":45,"column":425}},"41":{"start":{"line":48,"column":0},"end":{"line":222,"column":3}},"42":{"start":{"line":49,"column":19},"end":{"line":49,"column":44}},"43":{"start":{"line":50,"column":4},"end":{"line":50,"column":32}},"44":{"start":{"line":51,"column":4},"end":{"line":88,"column":7}},"45":{"start":{"line":52,"column":31},"end":{"line":52,"column":70}},"46":{"start":{"line":53,"column":8},"end":{"line":53,"column":46}},"47":{"start":{"line":54,"column":8},"end":{"line":54,"column":42}},"48":{"start":{"line":55,"column":31},"end":{"line":55,"column":70}},"49":{"start":{"line":56,"column":8},"end":{"line":56,"column":46}},"50":{"start":{"line":57,"column":8},"end":{"line":57,"column":43}},"51":{"start":{"line":58,"column":8},"end":{"line":58,"column":73}},"52":{"start":{"line":59,"column":24},"end":{"line":59,"column":49}},"53":{"start":{"line":60,"column":8},"end":{"line":60,"column":28}},"54":{"start":{"line":61,"column":8},"end":{"line":61,"column":45}},"55":{"start":{"line":62,"column":8},"end":{"line":62,"column":37}},"56":{"start":{"line":63,"column":24},"end":{"line":63,"column":49}},"57":{"start":{"line":64,"column":8},"end":{"line":64,"column":28}},"58":{"start":{"line":65,"column":8},"end":{"line":65,"column":46}},"59":{"start":{"line":66,"column":8},"end":{"line":66,"column":37}},"60":{"start":{"line":67,"column":24},"end":{"line":67,"column":49}},"61":{"start":{"line":68,"column":8},"end":{"line":68,"column":28}},"62":{"start":{"line":69,"column":8},"end":{"line":69,"column":49}},"63":{"start":{"line":70,"column":8},"end":{"line":70,"column":37}},"64":{"start":{"line":71,"column":8},"end":{"line":71,"column":62}},"65":{"start":{"line":72,"column":8},"end":{"line":72,"column":40}},"66":{"start":{"line":73,"column":8},"end":{"line":75,"column":11}},"67":{"start":{"line":74,"column":12},"end":{"line":74,"column":76}},"68":{"start":{"line":76,"column":8},"end":{"line":78,"column":11}},"69":{"start":{"line":77,"column":12},"end":{"line":77,"column":85}},"70":{"start":{"line":79,"column":8},"end":{"line":81,"column":11}},"71":{"start":{"line":80,"column":12},"end":{"line":80,"column":181}},"72":{"start":{"line":82,"column":8},"end":{"line":84,"column":11}},"73":{"start":{"line":83,"column":12},"end":{"line":83,"column":77}},"74":{"start":{"line":85,"column":8},"end":{"line":87,"column":11}},"75":{"start":{"line":86,"column":12},"end":{"line":86,"column":276}},"76":{"start":{"line":89,"column":4},"end":{"line":162,"column":7}},"77":{"start":{"line":90,"column":22},"end":{"line":90,"column":67}},"78":{"start":{"line":91,"column":8},"end":{"line":91,"column":33}},"79":{"start":{"line":92,"column":8},"end":{"line":92,"column":57}},"80":{"start":{"line":93,"column":8},"end":{"line":93,"column":41}},"81":{"start":{"line":94,"column":8},"end":{"line":94,"column":59}},"82":{"start":{"line":95,"column":8},"end":{"line":105,"column":11}},"83":{"start":{"line":96,"column":12},"end":{"line":98,"column":15}},"84":{"start":{"line":97,"column":16},"end":{"line":97,"column":97}},"85":{"start":{"line":99,"column":12},"end":{"line":101,"column":15}},"86":{"start":{"line":100,"column":16},"end":{"line":100,"column":102}},"87":{"start":{"line":102,"column":12},"end":{"line":104,"column":15}},"88":{"start":{"line":103,"column":16},"end":{"line":103,"column":105}},"89":{"start":{"line":106,"column":8},"end":{"line":128,"column":11}},"90":{"start":{"line":107,"column":12},"end":{"line":127,"column":15}},"91":{"start":{"line":108,"column":31},"end":{"line":108,"column":56}},"92":{"start":{"line":109,"column":16},"end":{"line":109,"column":35}},"93":{"start":{"line":110,"column":16},"end":{"line":110,"column":60}},"94":{"start":{"line":111,"column":28},"end":{"line":111,"column":55}},"95":{"start":{"line":112,"column":16},"end":{"line":112,"column":70}},"96":{"start":{"line":113,"column":30},"end":{"line":113,"column":72}},"97":{"start":{"line":114,"column":16},"end":{"line":114,"column":69}},"98":{"start":{"line":115,"column":16},"end":{"line":115,"column":37}},"99":{"start":{"line":116,"column":36},"end":{"line":116,"column":83}},"100":{"start":{"line":117,"column":16},"end":{"line":117,"column":67}},"101":{"start":{"line":118,"column":16},"end":{"line":118,"column":46}},"102":{"start":{"line":119,"column":30},"end":{"line":119,"column":65}},"103":{"start":{"line":120,"column":16},"end":{"line":120,"column":42}},"104":{"start":{"line":121,"column":34},"end":{"line":121,"column":82}},"105":{"start":{"line":122,"column":16},"end":{"line":122,"column":35}},"106":{"start":{"line":123,"column":16},"end":{"line":123,"column":39}},"107":{"start":{"line":124,"column":16},"end":{"line":124,"column":64}},"108":{"start":{"line":125,"column":16},"end":{"line":125,"column":71}},"109":{"start":{"line":126,"column":16},"end":{"line":126,"column":372}},"110":{"start":{"line":129,"column":8},"end":{"line":161,"column":11}},"111":{"start":{"line":130,"column":12},"end":{"line":160,"column":15}},"112":{"start":{"line":131,"column":32},"end":{"line":131,"column":57}},"113":{"start":{"line":132,"column":16},"end":{"line":132,"column":66}},"114":{"start":{"line":133,"column":31},"end":{"line":133,"column":74}},"115":{"start":{"line":134,"column":16},"end":{"line":134,"column":62}},"116":{"start":{"line":135,"column":16},"end":{"line":135,"column":61}},"117":{"start":{"line":136,"column":16},"end":{"line":136,"column":37}},"118":{"start":{"line":137,"column":34},"end":{"line":137,"column":86}},"119":{"start":{"line":138,"column":16},"end":{"line":138,"column":36}},"120":{"start":{"line":139,"column":16},"end":{"line":139,"column":51}},"121":{"start":{"line":140,"column":32},"end":{"line":140,"column":78}},"122":{"start":{"line":141,"column":16},"end":{"line":141,"column":42}},"123":{"start":{"line":142,"column":29},"end":{"line":142,"column":84}},"124":{"start":{"line":143,"column":16},"end":{"line":143,"column":41}},"125":{"start":{"line":144,"column":16},"end":{"line":144,"column":55}},"126":{"start":{"line":145,"column":16},"end":{"line":145,"column":44}},"127":{"start":{"line":146,"column":16},"end":{"line":146,"column":69}},"128":{"start":{"line":147,"column":32},"end":{"line":147,"column":57}},"129":{"start":{"line":148,"column":30},"end":{"line":148,"column":72}},"130":{"start":{"line":149,"column":16},"end":{"line":149,"column":38}},"131":{"start":{"line":150,"column":16},"end":{"line":150,"column":42}},"132":{"start":{"line":151,"column":29},"end":{"line":151,"column":71}},"133":{"start":{"line":152,"column":16},"end":{"line":152,"column":60}},"134":{"start":{"line":153,"column":16},"end":{"line":153,"column":59}},"135":{"start":{"line":154,"column":16},"end":{"line":154,"column":33}},"136":{"start":{"line":155,"column":16},"end":{"line":155,"column":52}},"137":{"start":{"line":156,"column":36},"end":{"line":156,"column":81}},"138":{"start":{"line":157,"column":16},"end":{"line":157,"column":64}},"139":{"start":{"line":158,"column":16},"end":{"line":158,"column":94}},"140":{"start":{"line":159,"column":16},"end":{"line":159,"column":535}},"141":{"start":{"line":163,"column":4},"end":{"line":221,"column":7}},"142":{"start":{"line":164,"column":8},"end":{"line":220,"column":11}},"143":{"start":{"line":165,"column":28},"end":{"line":165,"column":53}},"144":{"start":{"line":166,"column":12},"end":{"line":166,"column":62}},"145":{"start":{"line":167,"column":27},"end":{"line":167,"column":70}},"146":{"start":{"line":168,"column":12},"end":{"line":168,"column":58}},"147":{"start":{"line":169,"column":12},"end":{"line":169,"column":57}},"148":{"start":{"line":170,"column":12},"end":{"line":170,"column":33}},"149":{"start":{"line":171,"column":30},"end":{"line":171,"column":82}},"150":{"start":{"line":172,"column":12},"end":{"line":172,"column":32}},"151":{"start":{"line":173,"column":12},"end":{"line":173,"column":45}},"152":{"start":{"line":174,"column":28},"end":{"line":174,"column":74}},"153":{"start":{"line":175,"column":12},"end":{"line":175,"column":38}},"154":{"start":{"line":176,"column":25},"end":{"line":176,"column":80}},"155":{"start":{"line":177,"column":12},"end":{"line":177,"column":37}},"156":{"start":{"line":178,"column":12},"end":{"line":178,"column":51}},"157":{"start":{"line":179,"column":12},"end":{"line":179,"column":40}},"158":{"start":{"line":180,"column":12},"end":{"line":180,"column":65}},"159":{"start":{"line":181,"column":28},"end":{"line":181,"column":69}},"160":{"start":{"line":182,"column":12},"end":{"line":182,"column":59}},"161":{"start":{"line":183,"column":12},"end":{"line":183,"column":39}},"162":{"start":{"line":184,"column":32},"end":{"line":184,"column":77}},"163":{"start":{"line":185,"column":12},"end":{"line":185,"column":49}},"164":{"start":{"line":186,"column":25},"end":{"line":186,"column":52}},"165":{"start":{"line":187,"column":29},"end":{"line":187,"column":76}},"166":{"start":{"line":188,"column":12},"end":{"line":188,"column":33}},"167":{"start":{"line":189,"column":33},"end":{"line":189,"column":84}},"168":{"start":{"line":190,"column":12},"end":{"line":190,"column":38}},"169":{"start":{"line":191,"column":12},"end":{"line":191,"column":56}},"170":{"start":{"line":192,"column":28},"end":{"line":192,"column":65}},"171":{"start":{"line":193,"column":12},"end":{"line":193,"column":41}},"172":{"start":{"line":194,"column":24},"end":{"line":194,"column":67}},"173":{"start":{"line":195,"column":12},"end":{"line":195,"column":41}},"174":{"start":{"line":196,"column":12},"end":{"line":196,"column":29}},"175":{"start":{"line":197,"column":12},"end":{"line":197,"column":55}},"176":{"start":{"line":198,"column":12},"end":{"line":198,"column":45}},"177":{"start":{"line":199,"column":25},"end":{"line":199,"column":52}},"178":{"start":{"line":200,"column":31},"end":{"line":200,"column":73}},"179":{"start":{"line":201,"column":12},"end":{"line":201,"column":38}},"180":{"start":{"line":202,"column":12},"end":{"line":202,"column":42}},"181":{"start":{"line":203,"column":31},"end":{"line":203,"column":74}},"182":{"start":{"line":204,"column":12},"end":{"line":204,"column":47}},"183":{"start":{"line":205,"column":28},"end":{"line":205,"column":65}},"184":{"start":{"line":206,"column":12},"end":{"line":206,"column":39}},"185":{"start":{"line":207,"column":32},"end":{"line":207,"column":77}},"186":{"start":{"line":208,"column":12},"end":{"line":208,"column":50}},"187":{"start":{"line":209,"column":32},"end":{"line":209,"column":77}},"188":{"start":{"line":210,"column":12},"end":{"line":210,"column":49}},"189":{"start":{"line":211,"column":24},"end":{"line":211,"column":67}},"190":{"start":{"line":212,"column":12},"end":{"line":212,"column":41}},"191":{"start":{"line":213,"column":12},"end":{"line":213,"column":29}},"192":{"start":{"line":214,"column":12},"end":{"line":214,"column":51}},"193":{"start":{"line":215,"column":12},"end":{"line":215,"column":45}},"194":{"start":{"line":216,"column":12},"end":{"line":216,"column":53}},"195":{"start":{"line":217,"column":12},"end":{"line":217,"column":53}},"196":{"start":{"line":218,"column":12},"end":{"line":218,"column":69}},"197":{"start":{"line":219,"column":12},"end":{"line":219,"column":1077}},"198":{"start":{"line":223,"column":0},"end":{"line":229,"column":3}},"199":{"start":{"line":224,"column":4},"end":{"line":228,"column":7}},"200":{"start":{"line":225,"column":18},"end":{"line":225,"column":74}},"201":{"start":{"line":226,"column":26},"end":{"line":226,"column":3438}},"202":{"start":{"line":227,"column":8},"end":{"line":227,"column":42}}},"fnMap":{"0":{"name":"(anonymous_0)","decl":{"start":{"line":28,"column":66},"end":{"line":28,"column":67}},"loc":{"start":{"line":28,"column":78},"end":{"line":47,"column":1}},"line":28},"1":{"name":"(anonymous_1)","decl":{"start":{"line":35,"column":47},"end":{"line":35,"column":48}},"loc":{"start":{"line":35,"column":59},"end":{"line":37,"column":5}},"line":35},"2":{"name":"(anonymous_2)","decl":{"start":{"line":38,"column":57},"end":{"line":38,"column":58}},"loc":{"start":{"line":38,"column":69},"end":{"line":40,"column":5}},"line":38},"3":{"name":"(anonymous_3)","decl":{"start":{"line":41,"column":57},"end":{"line":41,"column":58}},"loc":{"start":{"line":41,"column":69},"end":{"line":43,"column":5}},"line":41},"4":{"name":"(anonymous_4)","decl":{"start":{"line":44,"column":69},"end":{"line":44,"column":70}},"loc":{"start":{"line":44,"column":81},"end":{"line":46,"column":5}},"line":44},"5":{"name":"(anonymous_5)","decl":{"start":{"line":48,"column":48},"end":{"line":48,"column":49}},"loc":{"start":{"line":48,"column":60},"end":{"line":222,"column":1}},"line":48},"6":{"name":"(anonymous_6)","decl":{"start":{"line":51,"column":70},"end":{"line":51,"column":71}},"loc":{"start":{"line":51,"column":82},"end":{"line":88,"column":5}},"line":51},"7":{"name":"(anonymous_7)","decl":{"start":{"line":73,"column":51},"end":{"line":73,"column":52}},"loc":{"start":{"line":73,"column":63},"end":{"line":75,"column":9}},"line":73},"8":{"name":"(anonymous_8)","decl":{"start":{"line":76,"column":71},"end":{"line":76,"column":72}},"loc":{"start":{"line":76,"column":83},"end":{"line":78,"column":9}},"line":76},"9":{"name":"(anonymous_9)","decl":{"start":{"line":79,"column":75},"end":{"line":79,"column":76}},"loc":{"start":{"line":79,"column":87},"end":{"line":81,"column":9}},"line":79},"10":{"name":"(anonymous_10)","decl":{"start":{"line":82,"column":64},"end":{"line":82,"column":65}},"loc":{"start":{"line":82,"column":76},"end":{"line":84,"column":9}},"line":82},"11":{"name":"(anonymous_11)","decl":{"start":{"line":85,"column":67},"end":{"line":85,"column":68}},"loc":{"start":{"line":85,"column":79},"end":{"line":87,"column":9}},"line":85},"12":{"name":"(anonymous_12)","decl":{"start":{"line":89,"column":56},"end":{"line":89,"column":57}},"loc":{"start":{"line":89,"column":68},"end":{"line":162,"column":5}},"line":89},"13":{"name":"(anonymous_13)","decl":{"start":{"line":95,"column":78},"end":{"line":95,"column":79}},"loc":{"start":{"line":95,"column":90},"end":{"line":105,"column":9}},"line":95},"14":{"name":"(anonymous_14)","decl":{"start":{"line":96,"column":59},"end":{"line":96,"column":60}},"loc":{"start":{"line":96,"column":71},"end":{"line":98,"column":13}},"line":96},"15":{"name":"(anonymous_15)","decl":{"start":{"line":99,"column":59},"end":{"line":99,"column":60}},"loc":{"start":{"line":99,"column":71},"end":{"line":101,"column":13}},"line":99},"16":{"name":"(anonymous_16)","decl":{"start":{"line":102,"column":63},"end":{"line":102,"column":64}},"loc":{"start":{"line":102,"column":75},"end":{"line":104,"column":13}},"line":102},"17":{"name":"(anonymous_17)","decl":{"start":{"line":106,"column":71},"end":{"line":106,"column":72}},"loc":{"start":{"line":106,"column":83},"end":{"line":128,"column":9}},"line":106},"18":{"name":"(anonymous_18)","decl":{"start":{"line":107,"column":68},"end":{"line":107,"column":69}},"loc":{"start":{"line":107,"column":80},"end":{"line":127,"column":13}},"line":107},"19":{"name":"(anonymous_19)","decl":{"start":{"line":129,"column":80},"end":{"line":129,"column":81}},"loc":{"start":{"line":129,"column":92},"end":{"line":161,"column":9}},"line":129},"20":{"name":"(anonymous_20)","decl":{"start":{"line":130,"column":81},"end":{"line":130,"column":82}},"loc":{"start":{"line":130,"column":93},"end":{"line":160,"column":13}},"line":130},"21":{"name":"(anonymous_21)","decl":{"start":{"line":163,"column":66},"end":{"line":163,"column":67}},"loc":{"start":{"line":163,"column":78},"end":{"line":221,"column":5}},"line":163},"22":{"name":"(anonymous_22)","decl":{"start":{"line":164,"column":76},"end":{"line":164,"column":77}},"loc":{"start":{"line":164,"column":88},"end":{"line":220,"column":9}},"line":164},"23":{"name":"(anonymous_23)","decl":{"start":{"line":223,"column":24},"end":{"line":223,"column":25}},"loc":{"start":{"line":223,"column":36},"end":{"line":229,"column":1}},"line":223},"24":{"name":"(anonymous_24)","decl":{"start":{"line":224,"column":57},"end":{"line":224,"column":58}},"loc":{"start":{"line":224,"column":69},"end":{"line":228,"column":5}},"line":224}},"branchMap":{},"s":{"0":1,"1":1,"2":1,"3":1,"4":1,"5":1,"6":1,"7":1,"8":1,"9":1,"10":1,"11":1,"12":1,"13":1,"14":1,"15":1,"16":1,"17":1,"18":1,"19":1,"20":1,"21":1,"22":1,"23":1,"24":1,"25":1,"26":1,"27":1,"28":1,"29":1,"30":1,"31":1,"32":1,"33":1,"34":1,"35":1,"36":1,"37":1,"38":1,"39":1,"40":1,"41":1,"42":1,"43":1,"44":1,"45":1,"46":1,"47":1,"48":1,"49":1,"50":1,"51":1,"52":1,"53":1,"54":1,"55":1,"56":1,"57":1,"58":1,"59":1,"60":1,"61":1,"62":1,"63":1,"64":1,"65":1,"66":1,"67":1,"68":1,"69":1,"70":1,"71":1,"72":1,"73":1,"74":1,"75":1,"76":1,"77":1,"78":1,"79":1,"80":1,"81":1,"82":1,"83":1,"84":1,"85":1,"86":1,"87":1,"88":1,"89":1,"90":1,"91":1,"92":1,"93":1,"94":1,"95":1,"96":1,"97":1,"98":1,"99":1,"100":1,"101":1,"102":1,"103":1,"104":1,"105":1,"106":1,"107":1,"108":1,"109":1,"110":1,"111":1,"112":1,"113":1,"114":1,"115":1,"116":1,"117":1,"118":1,"119":1,"120":1,"121":1,"122":1,"123":1,"124":1,"125":1,"126":1,"127":1,"128":1,"129":1,"130":1,"131":1,"132":1,"133":1,"134":1,"135":1,"136":1,"137":1,"138":1,"139":1,"140":1,"141":1,"142":1,"143":1,"144":1,"145":1,"146":1,"147":1,"148":1,"149":1,"150":1,"151":1,"152":1,"153":1,"154":1,"155":1,"156":1,"157":1,"158":1,"159":1,"160":1,"161":1,"162":1,"163":1,"164":1,"165":1,"166":1,"167":1,"168":1,"169":1,"170":1,"171":1,"172":1,"173":1,"174":1,"175":1,"176":1,"177":1,"178":1,"179":1,"180":1,"181":1,"182":1,"183":1,"184":1,"185":1,"186":1,"187":1,"188":1,"189":1,"190":1,"191":1,"192":1,"193":1,"194":1,"195":1,"196":1,"197":1,"198":1,"199":1,"200":1,"201":1,"202":1},"f":{"0":1,"1":1,"2":1,"3":1,"4":1,"5":1,"6":1,"7":1,"8":1,"9":1,"10":1,"11":1,"12":1,"13":1,"14":1,"15":1,"16":1,"17":1,"18":1,"19":1,"20":1,"21":1,"22":1,"23":1,"24":1},"b":{},"_coverageSchema":"43e27e138ebf9cfc5966b082cf9a028302ed4184","hash":"87502627bc4888e8f8f0b162ed4c455af8c40e48","contentHash":"280040fe7f67cd12cffc454623bd6dd41ec9ae4906af052d32bddb61fe4438bb"},"/mnt/8cf5bec7-9abe-428f-b59e-251fc897896c/Documents/bpmn-simulation/app/types/scenario/BPSimData.ts":{"path":"/mnt/8cf5bec7-9abe-428f-b59e-251fc897896c/Documents/bpmn-simulation/app/types/scenario/BPSimData.ts","statementMap":{"0":{"start":{"line":2,"column":0},"end":{"line":2,"column":62}},"1":{"start":{"line":3,"column":31},"end":{"line":51,"column":3}},"2":{"start":{"line":5,"column":8},"end":{"line":5,"column":28}},"3":{"start":{"line":7,"column":4},"end":{"line":18,"column":7}},"4":{"start":{"line":9,"column":12},"end":{"line":9,"column":34}},"5":{"start":{"line":12,"column":12},"end":{"line":14,"column":13}},"6":{"start":{"line":12,"column":25},"end":{"line":12,"column":26}},"7":{"start":{"line":13,"column":16},"end":{"line":13,"column":49}},"8":{"start":{"line":19,"column":4},"end":{"line":21,"column":6}},"9":{"start":{"line":20,"column":8},"end":{"line":20,"column":27}},"10":{"start":{"line":22,"column":4},"end":{"line":24,"column":6}},"11":{"start":{"line":23,"column":8},"end":{"line":23,"column":38}},"12":{"start":{"line":25,"column":4},"end":{"line":49,"column":6}},"13":{"start":{"line":26,"column":8},"end":{"line":26,"column":52}},"14":{"start":{"line":26,"column":34},"end":{"line":26,"column":50}},"15":{"start":{"line":27,"column":8},"end":{"line":48,"column":9}},"16":{"start":{"line":28,"column":28},"end":{"line":28,"column":34}},"17":{"start":{"line":29,"column":24},"end":{"line":29,"column":40}},"18":{"start":{"line":30,"column":24},"end":{"line":30,"column":35}},"19":{"start":{"line":31,"column":12},"end":{"line":31,"column":63}},"20":{"start":{"line":32,"column":25},"end":{"line":32,"column":40}},"21":{"start":{"line":33,"column":25},"end":{"line":33,"column":70}},"22":{"start":{"line":34,"column":38},"end":{"line":34,"column":107}},"23":{"start":{"line":35,"column":12},"end":{"line":37,"column":13}},"24":{"start":{"line":35,"column":25},"end":{"line":35,"column":26}},"25":{"start":{"line":36,"column":16},"end":{"line":36,"column":112}},"26":{"start":{"line":38,"column":12},"end":{"line":38,"column":39}},"27":{"start":{"line":41,"column":25},"end":{"line":41,"column":40}},"28":{"start":{"line":42,"column":25},"end":{"line":42,"column":70}},"29":{"start":{"line":43,"column":38},"end":{"line":43,"column":107}},"30":{"start":{"line":44,"column":12},"end":{"line":46,"column":13}},"31":{"start":{"line":44,"column":25},"end":{"line":44,"column":26}},"32":{"start":{"line":45,"column":16},"end":{"line":45,"column":112}},"33":{"start":{"line":47,"column":12},"end":{"line":47,"column":39}},"34":{"start":{"line":50,"column":4},"end":{"line":50,"column":21}},"35":{"start":{"line":52,"column":0},"end":{"line":52,"column":30}}},"fnMap":{"0":{"name":"(anonymous_0)","decl":{"start":{"line":3,"column":31},"end":{"line":3,"column":32}},"loc":{"start":{"line":3,"column":43},"end":{"line":51,"column":1}},"line":3},"1":{"name":"BPSimData","decl":{"start":{"line":4,"column":13},"end":{"line":4,"column":22}},"loc":{"start":{"line":4,"column":25},"end":{"line":6,"column":5}},"line":4},"2":{"name":"(anonymous_2)","decl":{"start":{"line":8,"column":13},"end":{"line":8,"column":14}},"loc":{"start":{"line":8,"column":25},"end":{"line":10,"column":9}},"line":8},"3":{"name":"(anonymous_3)","decl":{"start":{"line":11,"column":13},"end":{"line":11,"column":14}},"loc":{"start":{"line":11,"column":33},"end":{"line":15,"column":9}},"line":11},"4":{"name":"(anonymous_4)","decl":{"start":{"line":19,"column":34},"end":{"line":19,"column":35}},"loc":{"start":{"line":19,"column":46},"end":{"line":21,"column":5}},"line":19},"5":{"name":"(anonymous_5)","decl":{"start":{"line":22,"column":38},"end":{"line":22,"column":39}},"loc":{"start":{"line":22,"column":58},"end":{"line":24,"column":5}},"line":22},"6":{"name":"(anonymous_6)","decl":{"start":{"line":25,"column":39},"end":{"line":25,"column":40}},"loc":{"start":{"line":25,"column":90},"end":{"line":49,"column":5}},"line":25}},"branchMap":{"0":{"loc":{"start":{"line":26,"column":8},"end":{"line":26,"column":52}},"type":"if","locations":[{"start":{"line":26,"column":8},"end":{"line":26,"column":52}},{"start":{"line":26,"column":8},"end":{"line":26,"column":52}}],"line":26},"1":{"loc":{"start":{"line":27,"column":8},"end":{"line":48,"column":9}},"type":"if","locations":[{"start":{"line":27,"column":8},"end":{"line":48,"column":9}},{"start":{"line":27,"column":8},"end":{"line":48,"column":9}}],"line":27}},"s":{"0":1,"1":1,"2":1,"3":1,"4":21,"5":0,"6":0,"7":0,"8":1,"9":0,"10":1,"11":2,"12":1,"13":1,"14":0,"15":1,"16":1,"17":1,"18":1,"19":1,"20":1,"21":1,"22":1,"23":1,"24":1,"25":2,"26":1,"27":0,"28":0,"29":0,"30":0,"31":0,"32":0,"33":0,"34":1,"35":1},"f":{"0":1,"1":1,"2":21,"3":0,"4":0,"5":2,"6":1},"b":{"0":[0,1],"1":[1,0]},"_coverageSchema":"43e27e138ebf9cfc5966b082cf9a028302ed4184","hash":"bc70f1e916970311e824ac7d185366bea2485821","contentHash":"cbe82e3251e058ee2291ef6e61b35a07f3e8e32bf89d7f4eabe613a9bddc8d52"},"/mnt/8cf5bec7-9abe-428f-b59e-251fc897896c/Documents/bpmn-simulation/app/types/scenario/Scenario.ts":{"path":"/mnt/8cf5bec7-9abe-428f-b59e-251fc897896c/Documents/bpmn-simulation/app/types/scenario/Scenario.ts","statementMap":{"0":{"start":{"line":2,"column":0},"end":{"line":2,"column":62}},"1":{"start":{"line":3,"column":27},"end":{"line":3,"column":58}},"2":{"start":{"line":4,"column":30},"end":{"line":195,"column":3}},"3":{"start":{"line":6,"column":8},"end":{"line":6,"column":44}},"4":{"start":{"line":7,"column":8},"end":{"line":7,"column":37}},"5":{"start":{"line":8,"column":8},"end":{"line":8,"column":81}},"6":{"start":{"line":9,"column":8},"end":{"line":9,"column":36}},"7":{"start":{"line":10,"column":8},"end":{"line":10,"column":28}},"8":{"start":{"line":12,"column":4},"end":{"line":21,"column":7}},"9":{"start":{"line":14,"column":12},"end":{"line":14,"column":28}},"10":{"start":{"line":17,"column":12},"end":{"line":17,"column":29}},"11":{"start":{"line":22,"column":4},"end":{"line":31,"column":7}},"12":{"start":{"line":24,"column":12},"end":{"line":24,"column":30}},"13":{"start":{"line":27,"column":12},"end":{"line":27,"column":31}},"14":{"start":{"line":32,"column":4},"end":{"line":41,"column":7}},"15":{"start":{"line":34,"column":12},"end":{"line":34,"column":37}},"16":{"start":{"line":37,"column":12},"end":{"line":37,"column":38}},"17":{"start":{"line":42,"column":4},"end":{"line":51,"column":7}},"18":{"start":{"line":44,"column":12},"end":{"line":44,"column":33}},"19":{"start":{"line":47,"column":12},"end":{"line":47,"column":34}},"20":{"start":{"line":52,"column":4},"end":{"line":61,"column":7}},"21":{"start":{"line":54,"column":12},"end":{"line":54,"column":34}},"22":{"start":{"line":57,"column":12},"end":{"line":57,"column":35}},"23":{"start":{"line":62,"column":4},"end":{"line":71,"column":7}},"24":{"start":{"line":64,"column":12},"end":{"line":64,"column":32}},"25":{"start":{"line":67,"column":12},"end":{"line":67,"column":33}},"26":{"start":{"line":72,"column":4},"end":{"line":81,"column":7}},"27":{"start":{"line":74,"column":12},"end":{"line":74,"column":32}},"28":{"start":{"line":77,"column":12},"end":{"line":77,"column":33}},"29":{"start":{"line":82,"column":4},"end":{"line":91,"column":7}},"30":{"start":{"line":84,"column":12},"end":{"line":84,"column":33}},"31":{"start":{"line":87,"column":12},"end":{"line":87,"column":34}},"32":{"start":{"line":92,"column":4},"end":{"line":101,"column":7}},"33":{"start":{"line":94,"column":12},"end":{"line":94,"column":32}},"34":{"start":{"line":97,"column":12},"end":{"line":97,"column":33}},"35":{"start":{"line":102,"column":4},"end":{"line":111,"column":7}},"36":{"start":{"line":104,"column":12},"end":{"line":104,"column":34}},"37":{"start":{"line":107,"column":12},"end":{"line":107,"column":35}},"38":{"start":{"line":112,"column":4},"end":{"line":123,"column":7}},"39":{"start":{"line":114,"column":12},"end":{"line":114,"column":43}},"40":{"start":{"line":117,"column":12},"end":{"line":119,"column":13}},"41":{"start":{"line":117,"column":25},"end":{"line":117,"column":26}},"42":{"start":{"line":118,"column":16},"end":{"line":118,"column":55}},"43":{"start":{"line":124,"column":4},"end":{"line":133,"column":7}},"44":{"start":{"line":126,"column":12},"end":{"line":126,"column":44}},"45":{"start":{"line":129,"column":12},"end":{"line":129,"column":45}},"46":{"start":{"line":134,"column":4},"end":{"line":145,"column":7}},"47":{"start":{"line":136,"column":12},"end":{"line":136,"column":42}},"48":{"start":{"line":139,"column":12},"end":{"line":141,"column":13}},"49":{"start":{"line":139,"column":25},"end":{"line":139,"column":26}},"50":{"start":{"line":140,"column":16},"end":{"line":140,"column":54}},"51":{"start":{"line":146,"column":4},"end":{"line":157,"column":7}},"52":{"start":{"line":148,"column":12},"end":{"line":148,"column":34}},"53":{"start":{"line":151,"column":12},"end":{"line":153,"column":13}},"54":{"start":{"line":151,"column":25},"end":{"line":151,"column":26}},"55":{"start":{"line":152,"column":16},"end":{"line":152,"column":46}},"56":{"start":{"line":158,"column":4},"end":{"line":162,"column":6}},"57":{"start":{"line":159,"column":8},"end":{"line":161,"column":9}},"58":{"start":{"line":160,"column":12},"end":{"line":160,"column":49}},"59":{"start":{"line":163,"column":4},"end":{"line":165,"column":6}},"60":{"start":{"line":164,"column":8},"end":{"line":164,"column":26}},"61":{"start":{"line":166,"column":4},"end":{"line":193,"column":6}},"62":{"start":{"line":167,"column":21},"end":{"line":167,"column":36}},"63":{"start":{"line":168,"column":21},"end":{"line":168,"column":66}},"64":{"start":{"line":169,"column":33},"end":{"line":169,"column":101}},"65":{"start":{"line":170,"column":8},"end":{"line":170,"column":72}},"66":{"start":{"line":171,"column":8},"end":{"line":171,"column":76}},"67":{"start":{"line":172,"column":8},"end":{"line":172,"column":90}},"68":{"start":{"line":173,"column":8},"end":{"line":173,"column":82}},"69":{"start":{"line":174,"column":8},"end":{"line":174,"column":84}},"70":{"start":{"line":175,"column":8},"end":{"line":175,"column":80}},"71":{"start":{"line":176,"column":8},"end":{"line":176,"column":80}},"72":{"start":{"line":177,"column":8},"end":{"line":177,"column":82}},"73":{"start":{"line":178,"column":8},"end":{"line":178,"column":80}},"74":{"start":{"line":179,"column":8},"end":{"line":179,"column":84}},"75":{"start":{"line":180,"column":8},"end":{"line":182,"column":9}},"76":{"start":{"line":181,"column":12},"end":{"line":181,"column":114}},"77":{"start":{"line":183,"column":8},"end":{"line":185,"column":9}},"78":{"start":{"line":183,"column":21},"end":{"line":183,"column":22}},"79":{"start":{"line":184,"column":12},"end":{"line":184,"column":116}},"80":{"start":{"line":186,"column":8},"end":{"line":188,"column":9}},"81":{"start":{"line":186,"column":21},"end":{"line":186,"column":22}},"82":{"start":{"line":187,"column":12},"end":{"line":187,"column":115}},"83":{"start":{"line":189,"column":8},"end":{"line":191,"column":9}},"84":{"start":{"line":189,"column":21},"end":{"line":189,"column":22}},"85":{"start":{"line":190,"column":12},"end":{"line":190,"column":107}},"86":{"start":{"line":192,"column":8},"end":{"line":192,"column":34}},"87":{"start":{"line":194,"column":4},"end":{"line":194,"column":20}},"88":{"start":{"line":196,"column":0},"end":{"line":196,"column":28}}},"fnMap":{"0":{"name":"(anonymous_0)","decl":{"start":{"line":4,"column":30},"end":{"line":4,"column":31}},"loc":{"start":{"line":4,"column":42},"end":{"line":195,"column":1}},"line":4},"1":{"name":"Scenario","decl":{"start":{"line":5,"column":13},"end":{"line":5,"column":21}},"loc":{"start":{"line":5,"column":24},"end":{"line":11,"column":5}},"line":5},"2":{"name":"(anonymous_2)","decl":{"start":{"line":13,"column":13},"end":{"line":13,"column":14}},"loc":{"start":{"line":13,"column":25},"end":{"line":15,"column":9}},"line":13},"3":{"name":"(anonymous_3)","decl":{"start":{"line":16,"column":13},"end":{"line":16,"column":14}},"loc":{"start":{"line":16,"column":30},"end":{"line":18,"column":9}},"line":16},"4":{"name":"(anonymous_4)","decl":{"start":{"line":23,"column":13},"end":{"line":23,"column":14}},"loc":{"start":{"line":23,"column":25},"end":{"line":25,"column":9}},"line":23},"5":{"name":"(anonymous_5)","decl":{"start":{"line":26,"column":13},"end":{"line":26,"column":14}},"loc":{"start":{"line":26,"column":30},"end":{"line":28,"column":9}},"line":26},"6":{"name":"(anonymous_6)","decl":{"start":{"line":33,"column":13},"end":{"line":33,"column":14}},"loc":{"start":{"line":33,"column":25},"end":{"line":35,"column":9}},"line":33},"7":{"name":"(anonymous_7)","decl":{"start":{"line":36,"column":13},"end":{"line":36,"column":14}},"loc":{"start":{"line":36,"column":30},"end":{"line":38,"column":9}},"line":36},"8":{"name":"(anonymous_8)","decl":{"start":{"line":43,"column":13},"end":{"line":43,"column":14}},"loc":{"start":{"line":43,"column":25},"end":{"line":45,"column":9}},"line":43},"9":{"name":"(anonymous_9)","decl":{"start":{"line":46,"column":13},"end":{"line":46,"column":14}},"loc":{"start":{"line":46,"column":30},"end":{"line":48,"column":9}},"line":46},"10":{"name":"(anonymous_10)","decl":{"start":{"line":53,"column":13},"end":{"line":53,"column":14}},"loc":{"start":{"line":53,"column":25},"end":{"line":55,"column":9}},"line":53},"11":{"name":"(anonymous_11)","decl":{"start":{"line":56,"column":13},"end":{"line":56,"column":14}},"loc":{"start":{"line":56,"column":30},"end":{"line":58,"column":9}},"line":56},"12":{"name":"(anonymous_12)","decl":{"start":{"line":63,"column":13},"end":{"line":63,"column":14}},"loc":{"start":{"line":63,"column":25},"end":{"line":65,"column":9}},"line":63},"13":{"name":"(anonymous_13)","decl":{"start":{"line":66,"column":13},"end":{"line":66,"column":14}},"loc":{"start":{"line":66,"column":30},"end":{"line":68,"column":9}},"line":66},"14":{"name":"(anonymous_14)","decl":{"start":{"line":73,"column":13},"end":{"line":73,"column":14}},"loc":{"start":{"line":73,"column":25},"end":{"line":75,"column":9}},"line":73},"15":{"name":"(anonymous_15)","decl":{"start":{"line":76,"column":13},"end":{"line":76,"column":14}},"loc":{"start":{"line":76,"column":30},"end":{"line":78,"column":9}},"line":76},"16":{"name":"(anonymous_16)","decl":{"start":{"line":83,"column":13},"end":{"line":83,"column":14}},"loc":{"start":{"line":83,"column":25},"end":{"line":85,"column":9}},"line":83},"17":{"name":"(anonymous_17)","decl":{"start":{"line":86,"column":13},"end":{"line":86,"column":14}},"loc":{"start":{"line":86,"column":30},"end":{"line":88,"column":9}},"line":86},"18":{"name":"(anonymous_18)","decl":{"start":{"line":93,"column":13},"end":{"line":93,"column":14}},"loc":{"start":{"line":93,"column":25},"end":{"line":95,"column":9}},"line":93},"19":{"name":"(anonymous_19)","decl":{"start":{"line":96,"column":13},"end":{"line":96,"column":14}},"loc":{"start":{"line":96,"column":30},"end":{"line":98,"column":9}},"line":96},"20":{"name":"(anonymous_20)","decl":{"start":{"line":103,"column":13},"end":{"line":103,"column":14}},"loc":{"start":{"line":103,"column":25},"end":{"line":105,"column":9}},"line":103},"21":{"name":"(anonymous_21)","decl":{"start":{"line":106,"column":13},"end":{"line":106,"column":14}},"loc":{"start":{"line":106,"column":30},"end":{"line":108,"column":9}},"line":106},"22":{"name":"(anonymous_22)","decl":{"start":{"line":113,"column":13},"end":{"line":113,"column":14}},"loc":{"start":{"line":113,"column":25},"end":{"line":115,"column":9}},"line":113},"23":{"name":"(anonymous_23)","decl":{"start":{"line":116,"column":13},"end":{"line":116,"column":14}},"loc":{"start":{"line":116,"column":30},"end":{"line":120,"column":9}},"line":116},"24":{"name":"(anonymous_24)","decl":{"start":{"line":125,"column":13},"end":{"line":125,"column":14}},"loc":{"start":{"line":125,"column":25},"end":{"line":127,"column":9}},"line":125},"25":{"name":"(anonymous_25)","decl":{"start":{"line":128,"column":13},"end":{"line":128,"column":14}},"loc":{"start":{"line":128,"column":30},"end":{"line":130,"column":9}},"line":128},"26":{"name":"(anonymous_26)","decl":{"start":{"line":135,"column":13},"end":{"line":135,"column":14}},"loc":{"start":{"line":135,"column":25},"end":{"line":137,"column":9}},"line":135},"27":{"name":"(anonymous_27)","decl":{"start":{"line":138,"column":13},"end":{"line":138,"column":14}},"loc":{"start":{"line":138,"column":30},"end":{"line":142,"column":9}},"line":138},"28":{"name":"(anonymous_28)","decl":{"start":{"line":147,"column":13},"end":{"line":147,"column":14}},"loc":{"start":{"line":147,"column":25},"end":{"line":149,"column":9}},"line":147},"29":{"name":"(anonymous_29)","decl":{"start":{"line":150,"column":13},"end":{"line":150,"column":14}},"loc":{"start":{"line":150,"column":30},"end":{"line":154,"column":9}},"line":150},"30":{"name":"(anonymous_30)","decl":{"start":{"line":158,"column":48},"end":{"line":158,"column":49}},"loc":{"start":{"line":158,"column":83},"end":{"line":162,"column":5}},"line":158},"31":{"name":"(anonymous_31)","decl":{"start":{"line":163,"column":33},"end":{"line":163,"column":34}},"loc":{"start":{"line":163,"column":45},"end":{"line":165,"column":5}},"line":163},"32":{"name":"(anonymous_32)","decl":{"start":{"line":166,"column":38},"end":{"line":166,"column":39}},"loc":{"start":{"line":166,"column":80},"end":{"line":193,"column":5}},"line":166}},"branchMap":{"0":{"loc":{"start":{"line":159,"column":8},"end":{"line":161,"column":9}},"type":"if","locations":[{"start":{"line":159,"column":8},"end":{"line":161,"column":9}},{"start":{"line":159,"column":8},"end":{"line":161,"column":9}}],"line":159},"1":{"loc":{"start":{"line":180,"column":8},"end":{"line":182,"column":9}},"type":"if","locations":[{"start":{"line":180,"column":8},"end":{"line":182,"column":9}},{"start":{"line":180,"column":8},"end":{"line":182,"column":9}}],"line":180}},"s":{"0":1,"1":1,"2":1,"3":2,"4":2,"5":2,"6":2,"7":2,"8":1,"9":0,"10":0,"11":1,"12":2,"13":2,"14":1,"15":0,"16":0,"17":1,"18":1,"19":1,"20":1,"21":0,"22":0,"23":1,"24":0,"25":0,"26":1,"27":1,"28":0,"29":1,"30":0,"31":0,"32":1,"33":0,"34":0,"35":1,"36":0,"37":0,"38":1,"39":1,"40":1,"41":1,"42":2,"43":1,"44":7,"45":1,"46":1,"47":2,"48":1,"49":1,"50":2,"51":1,"52":3,"53":2,"54":2,"55":4,"56":1,"57":20,"58":5,"59":1,"60":0,"61":1,"62":2,"63":2,"64":2,"65":2,"66":2,"67":2,"68":2,"69":2,"70":2,"71":2,"72":2,"73":2,"74":2,"75":2,"76":2,"77":2,"78":2,"79":2,"80":2,"81":2,"82":2,"83":2,"84":2,"85":4,"86":2,"87":1,"88":1},"f":{"0":1,"1":2,"2":0,"3":0,"4":2,"5":2,"6":0,"7":0,"8":1,"9":1,"10":0,"11":0,"12":0,"13":0,"14":1,"15":0,"16":0,"17":0,"18":0,"19":0,"20":0,"21":0,"22":1,"23":1,"24":7,"25":1,"26":2,"27":1,"28":3,"29":2,"30":20,"31":0,"32":2},"b":{"0":[5,15],"1":[2,0]},"_coverageSchema":"43e27e138ebf9cfc5966b082cf9a028302ed4184","hash":"27bb39ec2db3e7ade5aa3c78f8317f5f27b0f1cd","contentHash":"e2a66fd5d3cad89c6035a82924ebbc12dd3da6bc65ef21e24f4018c0d310af5b"},"/mnt/8cf5bec7-9abe-428f-b59e-251fc897896c/Documents/bpmn-simulation/app/types/scenario/ScenarioParameters.ts":{"path":"/mnt/8cf5bec7-9abe-428f-b59e-251fc897896c/Documents/bpmn-simulation/app/types/scenario/ScenarioParameters.ts","statementMap":{"0":{"start":{"line":2,"column":0},"end":{"line":2,"column":62}},"1":{"start":{"line":3,"column":17},"end":{"line":3,"column":38}},"2":{"start":{"line":4,"column":40},"end":{"line":173,"column":3}},"3":{"start":{"line":6,"column":8},"end":{"line":6,"column":30}},"4":{"start":{"line":7,"column":8},"end":{"line":7,"column":57}},"5":{"start":{"line":8,"column":8},"end":{"line":8,"column":39}},"6":{"start":{"line":9,"column":8},"end":{"line":9,"column":49}},"7":{"start":{"line":10,"column":8},"end":{"line":10,"column":36}},"8":{"start":{"line":11,"column":8},"end":{"line":11,"column":34}},"9":{"start":{"line":12,"column":8},"end":{"line":12,"column":38}},"10":{"start":{"line":14,"column":4},"end":{"line":23,"column":7}},"11":{"start":{"line":16,"column":12},"end":{"line":16,"column":31}},"12":{"start":{"line":19,"column":12},"end":{"line":19,"column":32}},"13":{"start":{"line":24,"column":4},"end":{"line":33,"column":7}},"14":{"start":{"line":26,"column":12},"end":{"line":26,"column":34}},"15":{"start":{"line":29,"column":12},"end":{"line":29,"column":35}},"16":{"start":{"line":34,"column":4},"end":{"line":43,"column":7}},"17":{"start":{"line":36,"column":12},"end":{"line":36,"column":32}},"18":{"start":{"line":39,"column":12},"end":{"line":39,"column":33}},"19":{"start":{"line":44,"column":4},"end":{"line":53,"column":7}},"20":{"start":{"line":46,"column":12},"end":{"line":46,"column":37}},"21":{"start":{"line":49,"column":12},"end":{"line":49,"column":38}},"22":{"start":{"line":54,"column":4},"end":{"line":63,"column":7}},"23":{"start":{"line":56,"column":12},"end":{"line":56,"column":30}},"24":{"start":{"line":59,"column":12},"end":{"line":59,"column":31}},"25":{"start":{"line":64,"column":4},"end":{"line":73,"column":7}},"26":{"start":{"line":66,"column":12},"end":{"line":66,"column":38}},"27":{"start":{"line":69,"column":12},"end":{"line":69,"column":39}},"28":{"start":{"line":74,"column":4},"end":{"line":83,"column":7}},"29":{"start":{"line":76,"column":12},"end":{"line":76,"column":42}},"30":{"start":{"line":79,"column":12},"end":{"line":79,"column":43}},"31":{"start":{"line":84,"column":4},"end":{"line":93,"column":7}},"32":{"start":{"line":86,"column":12},"end":{"line":86,"column":45}},"33":{"start":{"line":89,"column":12},"end":{"line":89,"column":46}},"34":{"start":{"line":94,"column":4},"end":{"line":103,"column":7}},"35":{"start":{"line":96,"column":12},"end":{"line":96,"column":50}},"36":{"start":{"line":99,"column":12},"end":{"line":99,"column":51}},"37":{"start":{"line":104,"column":4},"end":{"line":113,"column":7}},"38":{"start":{"line":106,"column":12},"end":{"line":106,"column":37}},"39":{"start":{"line":109,"column":12},"end":{"line":109,"column":38}},"40":{"start":{"line":114,"column":4},"end":{"line":123,"column":7}},"41":{"start":{"line":116,"column":12},"end":{"line":116,"column":37}},"42":{"start":{"line":119,"column":12},"end":{"line":119,"column":38}},"43":{"start":{"line":124,"column":4},"end":{"line":137,"column":7}},"44":{"start":{"line":126,"column":12},"end":{"line":126,"column":44}},"45":{"start":{"line":129,"column":39},"end":{"line":129,"column":41}},"46":{"start":{"line":130,"column":12},"end":{"line":132,"column":13}},"47":{"start":{"line":130,"column":25},"end":{"line":130,"column":26}},"48":{"start":{"line":131,"column":16},"end":{"line":131,"column":52}},"49":{"start":{"line":133,"column":12},"end":{"line":133,"column":60}},"50":{"start":{"line":138,"column":4},"end":{"line":140,"column":6}},"51":{"start":{"line":139,"column":8},"end":{"line":139,"column":36}},"52":{"start":{"line":141,"column":4},"end":{"line":145,"column":6}},"53":{"start":{"line":142,"column":8},"end":{"line":144,"column":9}},"54":{"start":{"line":143,"column":12},"end":{"line":143,"column":49}},"55":{"start":{"line":146,"column":4},"end":{"line":171,"column":6}},"56":{"start":{"line":147,"column":21},"end":{"line":147,"column":36}},"57":{"start":{"line":148,"column":21},"end":{"line":148,"column":66}},"58":{"start":{"line":149,"column":43},"end":{"line":149,"column":121}},"59":{"start":{"line":150,"column":8},"end":{"line":152,"column":9}},"60":{"start":{"line":151,"column":12},"end":{"line":151,"column":120}},"61":{"start":{"line":153,"column":8},"end":{"line":155,"column":9}},"62":{"start":{"line":154,"column":12},"end":{"line":154,"column":126}},"63":{"start":{"line":156,"column":8},"end":{"line":158,"column":9}},"64":{"start":{"line":157,"column":12},"end":{"line":157,"column":122}},"65":{"start":{"line":159,"column":8},"end":{"line":159,"column":100}},"66":{"start":{"line":160,"column":8},"end":{"line":160,"column":86}},"67":{"start":{"line":161,"column":8},"end":{"line":161,"column":102}},"68":{"start":{"line":162,"column":8},"end":{"line":162,"column":110}},"69":{"start":{"line":163,"column":8},"end":{"line":163,"column":116}},"70":{"start":{"line":164,"column":8},"end":{"line":164,"column":126}},"71":{"start":{"line":165,"column":8},"end":{"line":165,"column":100}},"72":{"start":{"line":166,"column":8},"end":{"line":166,"column":100}},"73":{"start":{"line":167,"column":8},"end":{"line":169,"column":9}},"74":{"start":{"line":167,"column":21},"end":{"line":167,"column":22}},"75":{"start":{"line":168,"column":12},"end":{"line":168,"column":127}},"76":{"start":{"line":170,"column":8},"end":{"line":170,"column":44}},"77":{"start":{"line":172,"column":4},"end":{"line":172,"column":30}},"78":{"start":{"line":174,"column":0},"end":{"line":174,"column":48}}},"fnMap":{"0":{"name":"(anonymous_0)","decl":{"start":{"line":4,"column":40},"end":{"line":4,"column":41}},"loc":{"start":{"line":4,"column":52},"end":{"line":173,"column":1}},"line":4},"1":{"name":"ScenarioParameters","decl":{"start":{"line":5,"column":13},"end":{"line":5,"column":31}},"loc":{"start":{"line":5,"column":34},"end":{"line":13,"column":5}},"line":5},"2":{"name":"(anonymous_2)","decl":{"start":{"line":15,"column":13},"end":{"line":15,"column":14}},"loc":{"start":{"line":15,"column":25},"end":{"line":17,"column":9}},"line":15},"3":{"name":"(anonymous_3)","decl":{"start":{"line":18,"column":13},"end":{"line":18,"column":14}},"loc":{"start":{"line":18,"column":30},"end":{"line":20,"column":9}},"line":18},"4":{"name":"(anonymous_4)","decl":{"start":{"line":25,"column":13},"end":{"line":25,"column":14}},"loc":{"start":{"line":25,"column":25},"end":{"line":27,"column":9}},"line":25},"5":{"name":"(anonymous_5)","decl":{"start":{"line":28,"column":13},"end":{"line":28,"column":14}},"loc":{"start":{"line":28,"column":30},"end":{"line":30,"column":9}},"line":28},"6":{"name":"(anonymous_6)","decl":{"start":{"line":35,"column":13},"end":{"line":35,"column":14}},"loc":{"start":{"line":35,"column":25},"end":{"line":37,"column":9}},"line":35},"7":{"name":"(anonymous_7)","decl":{"start":{"line":38,"column":13},"end":{"line":38,"column":14}},"loc":{"start":{"line":38,"column":30},"end":{"line":40,"column":9}},"line":38},"8":{"name":"(anonymous_8)","decl":{"start":{"line":45,"column":13},"end":{"line":45,"column":14}},"loc":{"start":{"line":45,"column":25},"end":{"line":47,"column":9}},"line":45},"9":{"name":"(anonymous_9)","decl":{"start":{"line":48,"column":13},"end":{"line":48,"column":14}},"loc":{"start":{"line":48,"column":30},"end":{"line":50,"column":9}},"line":48},"10":{"name":"(anonymous_10)","decl":{"start":{"line":55,"column":13},"end":{"line":55,"column":14}},"loc":{"start":{"line":55,"column":25},"end":{"line":57,"column":9}},"line":55},"11":{"name":"(anonymous_11)","decl":{"start":{"line":58,"column":13},"end":{"line":58,"column":14}},"loc":{"start":{"line":58,"column":30},"end":{"line":60,"column":9}},"line":58},"12":{"name":"(anonymous_12)","decl":{"start":{"line":65,"column":13},"end":{"line":65,"column":14}},"loc":{"start":{"line":65,"column":25},"end":{"line":67,"column":9}},"line":65},"13":{"name":"(anonymous_13)","decl":{"start":{"line":68,"column":13},"end":{"line":68,"column":14}},"loc":{"start":{"line":68,"column":30},"end":{"line":70,"column":9}},"line":68},"14":{"name":"(anonymous_14)","decl":{"start":{"line":75,"column":13},"end":{"line":75,"column":14}},"loc":{"start":{"line":75,"column":25},"end":{"line":77,"column":9}},"line":75},"15":{"name":"(anonymous_15)","decl":{"start":{"line":78,"column":13},"end":{"line":78,"column":14}},"loc":{"start":{"line":78,"column":30},"end":{"line":80,"column":9}},"line":78},"16":{"name":"(anonymous_16)","decl":{"start":{"line":85,"column":13},"end":{"line":85,"column":14}},"loc":{"start":{"line":85,"column":25},"end":{"line":87,"column":9}},"line":85},"17":{"name":"(anonymous_17)","decl":{"start":{"line":88,"column":13},"end":{"line":88,"column":14}},"loc":{"start":{"line":88,"column":30},"end":{"line":90,"column":9}},"line":88},"18":{"name":"(anonymous_18)","decl":{"start":{"line":95,"column":13},"end":{"line":95,"column":14}},"loc":{"start":{"line":95,"column":25},"end":{"line":97,"column":9}},"line":95},"19":{"name":"(anonymous_19)","decl":{"start":{"line":98,"column":13},"end":{"line":98,"column":14}},"loc":{"start":{"line":98,"column":30},"end":{"line":100,"column":9}},"line":98},"20":{"name":"(anonymous_20)","decl":{"start":{"line":105,"column":13},"end":{"line":105,"column":14}},"loc":{"start":{"line":105,"column":25},"end":{"line":107,"column":9}},"line":105},"21":{"name":"(anonymous_21)","decl":{"start":{"line":108,"column":13},"end":{"line":108,"column":14}},"loc":{"start":{"line":108,"column":30},"end":{"line":110,"column":9}},"line":108},"22":{"name":"(anonymous_22)","decl":{"start":{"line":115,"column":13},"end":{"line":115,"column":14}},"loc":{"start":{"line":115,"column":25},"end":{"line":117,"column":9}},"line":115},"23":{"name":"(anonymous_23)","decl":{"start":{"line":118,"column":13},"end":{"line":118,"column":14}},"loc":{"start":{"line":118,"column":30},"end":{"line":120,"column":9}},"line":118},"24":{"name":"(anonymous_24)","decl":{"start":{"line":125,"column":13},"end":{"line":125,"column":14}},"loc":{"start":{"line":125,"column":25},"end":{"line":127,"column":9}},"line":125},"25":{"name":"(anonymous_25)","decl":{"start":{"line":128,"column":13},"end":{"line":128,"column":14}},"loc":{"start":{"line":128,"column":30},"end":{"line":134,"column":9}},"line":128},"26":{"name":"(anonymous_26)","decl":{"start":{"line":138,"column":43},"end":{"line":138,"column":44}},"loc":{"start":{"line":138,"column":55},"end":{"line":140,"column":5}},"line":138},"27":{"name":"(anonymous_27)","decl":{"start":{"line":141,"column":58},"end":{"line":141,"column":59}},"loc":{"start":{"line":141,"column":93},"end":{"line":145,"column":5}},"line":141},"28":{"name":"(anonymous_28)","decl":{"start":{"line":146,"column":48},"end":{"line":146,"column":49}},"loc":{"start":{"line":146,"column":90},"end":{"line":171,"column":5}},"line":146}},"branchMap":{"0":{"loc":{"start":{"line":142,"column":8},"end":{"line":144,"column":9}},"type":"if","locations":[{"start":{"line":142,"column":8},"end":{"line":144,"column":9}},{"start":{"line":142,"column":8},"end":{"line":144,"column":9}}],"line":142},"1":{"loc":{"start":{"line":150,"column":8},"end":{"line":152,"column":9}},"type":"if","locations":[{"start":{"line":150,"column":8},"end":{"line":152,"column":9}},{"start":{"line":150,"column":8},"end":{"line":152,"column":9}}],"line":150},"2":{"loc":{"start":{"line":153,"column":8},"end":{"line":155,"column":9}},"type":"if","locations":[{"start":{"line":153,"column":8},"end":{"line":155,"column":9}},{"start":{"line":153,"column":8},"end":{"line":155,"column":9}}],"line":153},"3":{"loc":{"start":{"line":156,"column":8},"end":{"line":158,"column":9}},"type":"if","locations":[{"start":{"line":156,"column":8},"end":{"line":158,"column":9}},{"start":{"line":156,"column":8},"end":{"line":158,"column":9}}],"line":156}},"s":{"0":1,"1":1,"2":1,"3":3,"4":3,"5":3,"6":3,"7":3,"8":3,"9":3,"10":1,"11":1,"12":1,"13":1,"14":0,"15":0,"16":1,"17":0,"18":0,"19":1,"20":1,"21":1,"22":1,"23":0,"24":0,"25":1,"26":1,"27":1,"28":1,"29":1,"30":1,"31":1,"32":0,"33":0,"34":1,"35":0,"36":0,"37":1,"38":0,"39":0,"40":1,"41":0,"42":0,"43":1,"44":1,"45":1,"46":1,"47":1,"48":1,"49":1,"50":1,"51":0,"52":1,"53":16,"54":12,"55":1,"56":2,"57":2,"58":2,"59":2,"60":1,"61":2,"62":0,"63":2,"64":0,"65":2,"66":2,"67":2,"68":2,"69":2,"70":2,"71":2,"72":2,"73":2,"74":2,"75":1,"76":2,"77":1,"78":1},"f":{"0":1,"1":3,"2":1,"3":1,"4":0,"5":0,"6":0,"7":0,"8":1,"9":1,"10":0,"11":0,"12":1,"13":1,"14":1,"15":1,"16":0,"17":0,"18":0,"19":0,"20":0,"21":0,"22":0,"23":0,"24":1,"25":1,"26":0,"27":16,"28":2},"b":{"0":[12,4],"1":[1,1],"2":[0,2],"3":[0,2]},"_coverageSchema":"43e27e138ebf9cfc5966b082cf9a028302ed4184","hash":"a1d7d4f6e984af705b6813c7ba8e9b6821fa1515","contentHash":"ca0a7d6d399520c9a98ee8337b87bc48e2cc967d0170f11b38cc87b78cfa12f8"},"/mnt/8cf5bec7-9abe-428f-b59e-251fc897896c/Documents/bpmn-simulation/app/types/scenario/TimeUnit.ts":{"path":"/mnt/8cf5bec7-9abe-428f-b59e-251fc897896c/Documents/bpmn-simulation/app/types/scenario/TimeUnit.ts","statementMap":{"0":{"start":{"line":2,"column":0},"end":{"line":2,"column":62}},"1":{"start":{"line":4,"column":0},"end":{"line":11,"column":59}},"2":{"start":{"line":5,"column":4},"end":{"line":5,"column":36}},"3":{"start":{"line":6,"column":4},"end":{"line":6,"column":30}},"4":{"start":{"line":7,"column":4},"end":{"line":7,"column":32}},"5":{"start":{"line":8,"column":4},"end":{"line":8,"column":31}},"6":{"start":{"line":9,"column":4},"end":{"line":9,"column":29}},"7":{"start":{"line":10,"column":4},"end":{"line":10,"column":30}}},"fnMap":{"0":{"name":"(anonymous_0)","decl":{"start":{"line":4,"column":1},"end":{"line":4,"column":2}},"loc":{"start":{"line":4,"column":21},"end":{"line":11,"column":1}},"line":4}},"branchMap":{"0":{"loc":{"start":{"line":11,"column":14},"end":{"line":11,"column":57}},"type":"binary-expr","locations":[{"start":{"line":11,"column":14},"end":{"line":11,"column":30}},{"start":{"line":11,"column":35},"end":{"line":11,"column":56}}],"line":11}},"s":{"0":1,"1":1,"2":1,"3":1,"4":1,"5":1,"6":1,"7":1},"f":{"0":1},"b":{"0":[1,1]},"_coverageSchema":"43e27e138ebf9cfc5966b082cf9a028302ed4184","hash":"3a9bcf1754256375a9aad6603c559d18a61b1365","contentHash":"e4d68d76bd4b5692c1b767e11f399624071713155020715396e5e628beff0090"},"/mnt/8cf5bec7-9abe-428f-b59e-251fc897896c/Documents/bpmn-simulation/app/types/parameter_type/ConstantParameter.ts":{"path":"/mnt/8cf5bec7-9abe-428f-b59e-251fc897896c/Documents/bpmn-simulation/app/types/parameter_type/ConstantParameter.ts","statementMap":{"0":{"start":{"line":2,"column":16},"end":{"line":14,"column":4}},"1":{"start":{"line":3,"column":24},"end":{"line":8,"column":5}},"2":{"start":{"line":4,"column":8},"end":{"line":6,"column":87}},"3":{"start":{"line":5,"column":69},"end":{"line":5,"column":85}},"4":{"start":{"line":6,"column":30},"end":{"line":6,"column":84}},"5":{"start":{"line":6,"column":47},"end":{"line":6,"column":84}},"6":{"start":{"line":6,"column":72},"end":{"line":6,"column":84}},"7":{"start":{"line":7,"column":8},"end":{"line":7,"column":35}},"8":{"start":{"line":9,"column":4},"end":{"line":13,"column":6}},"9":{"start":{"line":10,"column":8},"end":{"line":10,"column":28}},"10":{"start":{"line":11,"column":24},"end":{"line":11,"column":45}},"11":{"start":{"line":12,"column":8},"end":{"line":12,"column":93}},"12":{"start":{"line":15,"column":0},"end":{"line":15,"column":62}},"13":{"start":{"line":16,"column":23},"end":{"line":16,"column":50}},"14":{"start":{"line":17,"column":39},"end":{"line":36,"column":34}},"15":{"start":{"line":18,"column":4},"end":{"line":18,"column":41}},"16":{"start":{"line":20,"column":8},"end":{"line":20,"column":41}},"17":{"start":{"line":22,"column":4},"end":{"line":31,"column":7}},"18":{"start":{"line":24,"column":12},"end":{"line":24,"column":31}},"19":{"start":{"line":27,"column":12},"end":{"line":27,"column":32}},"20":{"start":{"line":32,"column":4},"end":{"line":34,"column":6}},"21":{"start":{"line":33,"column":8},"end":{"line":33,"column":35}},"22":{"start":{"line":35,"column":4},"end":{"line":35,"column":29}},"23":{"start":{"line":37,"column":0},"end":{"line":37,"column":46}},"24":{"start":{"line":38,"column":37},"end":{"line":55,"column":20}},"25":{"start":{"line":39,"column":4},"end":{"line":39,"column":39}},"26":{"start":{"line":41,"column":8},"end":{"line":41,"column":41}},"27":{"start":{"line":43,"column":4},"end":{"line":45,"column":6}},"28":{"start":{"line":44,"column":8},"end":{"line":44,"column":33}},"29":{"start":{"line":46,"column":4},"end":{"line":53,"column":6}},"30":{"start":{"line":47,"column":21},"end":{"line":47,"column":36}},"31":{"start":{"line":48,"column":21},"end":{"line":48,"column":66}},"32":{"start":{"line":49,"column":39},"end":{"line":49,"column":114}},"33":{"start":{"line":50,"column":8},"end":{"line":50,"column":75}},"34":{"start":{"line":51,"column":8},"end":{"line":51,"column":84}},"35":{"start":{"line":52,"column":8},"end":{"line":52,"column":40}},"36":{"start":{"line":54,"column":4},"end":{"line":54,"column":27}},"37":{"start":{"line":56,"column":0},"end":{"line":56,"column":42}},"38":{"start":{"line":57,"column":38},"end":{"line":85,"column":20}},"39":{"start":{"line":58,"column":4},"end":{"line":58,"column":40}},"40":{"start":{"line":60,"column":8},"end":{"line":60,"column":41}},"41":{"start":{"line":62,"column":4},"end":{"line":71,"column":7}},"42":{"start":{"line":64,"column":12},"end":{"line":64,"column":34}},"43":{"start":{"line":67,"column":12},"end":{"line":67,"column":35}},"44":{"start":{"line":72,"column":4},"end":{"line":74,"column":6}},"45":{"start":{"line":73,"column":8},"end":{"line":73,"column":34}},"46":{"start":{"line":75,"column":4},"end":{"line":83,"column":6}},"47":{"start":{"line":76,"column":21},"end":{"line":76,"column":36}},"48":{"start":{"line":77,"column":21},"end":{"line":77,"column":66}},"49":{"start":{"line":78,"column":39},"end":{"line":78,"column":115}},"50":{"start":{"line":79,"column":8},"end":{"line":79,"column":75}},"51":{"start":{"line":80,"column":8},"end":{"line":80,"column":84}},"52":{"start":{"line":81,"column":8},"end":{"line":81,"column":90}},"53":{"start":{"line":82,"column":8},"end":{"line":82,"column":40}},"54":{"start":{"line":84,"column":4},"end":{"line":84,"column":28}},"55":{"start":{"line":86,"column":0},"end":{"line":86,"column":44}},"56":{"start":{"line":87,"column":39},"end":{"line":115,"column":20}},"57":{"start":{"line":88,"column":4},"end":{"line":88,"column":41}},"58":{"start":{"line":90,"column":8},"end":{"line":90,"column":41}},"59":{"start":{"line":92,"column":4},"end":{"line":101,"column":7}},"60":{"start":{"line":94,"column":12},"end":{"line":94,"column":34}},"61":{"start":{"line":97,"column":12},"end":{"line":97,"column":35}},"62":{"start":{"line":102,"column":4},"end":{"line":104,"column":6}},"63":{"start":{"line":103,"column":8},"end":{"line":103,"column":35}},"64":{"start":{"line":105,"column":4},"end":{"line":113,"column":6}},"65":{"start":{"line":106,"column":21},"end":{"line":106,"column":36}},"66":{"start":{"line":107,"column":21},"end":{"line":107,"column":66}},"67":{"start":{"line":108,"column":39},"end":{"line":108,"column":116}},"68":{"start":{"line":109,"column":8},"end":{"line":109,"column":75}},"69":{"start":{"line":110,"column":8},"end":{"line":110,"column":84}},"70":{"start":{"line":111,"column":8},"end":{"line":111,"column":90}},"71":{"start":{"line":112,"column":8},"end":{"line":112,"column":40}},"72":{"start":{"line":114,"column":4},"end":{"line":114,"column":29}},"73":{"start":{"line":116,"column":0},"end":{"line":116,"column":46}},"74":{"start":{"line":117,"column":38},"end":{"line":134,"column":20}},"75":{"start":{"line":118,"column":4},"end":{"line":118,"column":40}},"76":{"start":{"line":120,"column":8},"end":{"line":120,"column":41}},"77":{"start":{"line":122,"column":4},"end":{"line":124,"column":6}},"78":{"start":{"line":123,"column":8},"end":{"line":123,"column":34}},"79":{"start":{"line":125,"column":4},"end":{"line":132,"column":6}},"80":{"start":{"line":126,"column":21},"end":{"line":126,"column":36}},"81":{"start":{"line":127,"column":21},"end":{"line":127,"column":66}},"82":{"start":{"line":128,"column":39},"end":{"line":128,"column":115}},"83":{"start":{"line":129,"column":8},"end":{"line":129,"column":75}},"84":{"start":{"line":130,"column":8},"end":{"line":130,"column":84}},"85":{"start":{"line":131,"column":8},"end":{"line":131,"column":40}},"86":{"start":{"line":133,"column":4},"end":{"line":133,"column":28}},"87":{"start":{"line":135,"column":0},"end":{"line":135,"column":44}},"88":{"start":{"line":136,"column":39},"end":{"line":153,"column":20}},"89":{"start":{"line":137,"column":4},"end":{"line":137,"column":41}},"90":{"start":{"line":139,"column":8},"end":{"line":139,"column":41}},"91":{"start":{"line":141,"column":4},"end":{"line":143,"column":6}},"92":{"start":{"line":142,"column":8},"end":{"line":142,"column":35}},"93":{"start":{"line":144,"column":4},"end":{"line":151,"column":6}},"94":{"start":{"line":145,"column":21},"end":{"line":145,"column":36}},"95":{"start":{"line":146,"column":21},"end":{"line":146,"column":66}},"96":{"start":{"line":147,"column":39},"end":{"line":147,"column":116}},"97":{"start":{"line":148,"column":8},"end":{"line":148,"column":75}},"98":{"start":{"line":149,"column":8},"end":{"line":149,"column":84}},"99":{"start":{"line":150,"column":8},"end":{"line":150,"column":40}},"100":{"start":{"line":152,"column":4},"end":{"line":152,"column":29}},"101":{"start":{"line":154,"column":0},"end":{"line":154,"column":46}},"102":{"start":{"line":155,"column":39},"end":{"line":172,"column":20}},"103":{"start":{"line":156,"column":4},"end":{"line":156,"column":41}},"104":{"start":{"line":158,"column":8},"end":{"line":158,"column":41}},"105":{"start":{"line":160,"column":4},"end":{"line":162,"column":6}},"106":{"start":{"line":161,"column":8},"end":{"line":161,"column":35}},"107":{"start":{"line":163,"column":4},"end":{"line":170,"column":6}},"108":{"start":{"line":164,"column":21},"end":{"line":164,"column":36}},"109":{"start":{"line":165,"column":21},"end":{"line":165,"column":66}},"110":{"start":{"line":166,"column":39},"end":{"line":166,"column":116}},"111":{"start":{"line":167,"column":8},"end":{"line":167,"column":75}},"112":{"start":{"line":168,"column":8},"end":{"line":168,"column":84}},"113":{"start":{"line":169,"column":8},"end":{"line":169,"column":40}},"114":{"start":{"line":171,"column":4},"end":{"line":171,"column":29}},"115":{"start":{"line":173,"column":0},"end":{"line":173,"column":46}},"116":{"start":{"line":174,"column":30},"end":{"line":191,"column":3}},"117":{"start":{"line":177,"column":4},"end":{"line":186,"column":7}},"118":{"start":{"line":179,"column":12},"end":{"line":179,"column":30}},"119":{"start":{"line":182,"column":12},"end":{"line":182,"column":30}},"120":{"start":{"line":187,"column":4},"end":{"line":189,"column":6}},"121":{"start":{"line":188,"column":8},"end":{"line":188,"column":25}},"122":{"start":{"line":190,"column":4},"end":{"line":190,"column":20}},"123":{"start":{"line":192,"column":0},"end":{"line":192,"column":28}}},"fnMap":{"0":{"name":"(anonymous_0)","decl":{"start":{"line":2,"column":45},"end":{"line":2,"column":46}},"loc":{"start":{"line":2,"column":57},"end":{"line":14,"column":1}},"line":2},"1":{"name":"(anonymous_1)","decl":{"start":{"line":3,"column":24},"end":{"line":3,"column":25}},"loc":{"start":{"line":3,"column":40},"end":{"line":8,"column":5}},"line":3},"2":{"name":"(anonymous_2)","decl":{"start":{"line":5,"column":51},"end":{"line":5,"column":52}},"loc":{"start":{"line":5,"column":67},"end":{"line":5,"column":87}},"line":5},"3":{"name":"(anonymous_3)","decl":{"start":{"line":6,"column":12},"end":{"line":6,"column":13}},"loc":{"start":{"line":6,"column":28},"end":{"line":6,"column":86}},"line":6},"4":{"name":"(anonymous_4)","decl":{"start":{"line":9,"column":11},"end":{"line":9,"column":12}},"loc":{"start":{"line":9,"column":27},"end":{"line":13,"column":5}},"line":9},"5":{"name":"__","decl":{"start":{"line":11,"column":17},"end":{"line":11,"column":19}},"loc":{"start":{"line":11,"column":22},"end":{"line":11,"column":47}},"line":11},"6":{"name":"(anonymous_6)","decl":{"start":{"line":17,"column":39},"end":{"line":17,"column":40}},"loc":{"start":{"line":17,"column":57},"end":{"line":36,"column":1}},"line":17},"7":{"name":"ConstantParameter","decl":{"start":{"line":19,"column":13},"end":{"line":19,"column":30}},"loc":{"start":{"line":19,"column":33},"end":{"line":21,"column":5}},"line":19},"8":{"name":"(anonymous_8)","decl":{"start":{"line":23,"column":13},"end":{"line":23,"column":14}},"loc":{"start":{"line":23,"column":25},"end":{"line":25,"column":9}},"line":23},"9":{"name":"(anonymous_9)","decl":{"start":{"line":26,"column":13},"end":{"line":26,"column":14}},"loc":{"start":{"line":26,"column":30},"end":{"line":28,"column":9}},"line":26},"10":{"name":"(anonymous_10)","decl":{"start":{"line":32,"column":42},"end":{"line":32,"column":43}},"loc":{"start":{"line":32,"column":54},"end":{"line":34,"column":5}},"line":32},"11":{"name":"(anonymous_11)","decl":{"start":{"line":38,"column":37},"end":{"line":38,"column":38}},"loc":{"start":{"line":38,"column":55},"end":{"line":55,"column":1}},"line":38},"12":{"name":"StringParameter","decl":{"start":{"line":40,"column":13},"end":{"line":40,"column":28}},"loc":{"start":{"line":40,"column":31},"end":{"line":42,"column":5}},"line":40},"13":{"name":"(anonymous_13)","decl":{"start":{"line":43,"column":40},"end":{"line":43,"column":41}},"loc":{"start":{"line":43,"column":52},"end":{"line":45,"column":5}},"line":43},"14":{"name":"(anonymous_14)","decl":{"start":{"line":46,"column":45},"end":{"line":46,"column":46}},"loc":{"start":{"line":46,"column":87},"end":{"line":53,"column":5}},"line":46},"15":{"name":"(anonymous_15)","decl":{"start":{"line":57,"column":38},"end":{"line":57,"column":39}},"loc":{"start":{"line":57,"column":56},"end":{"line":85,"column":1}},"line":57},"16":{"name":"NumericParameter","decl":{"start":{"line":59,"column":13},"end":{"line":59,"column":29}},"loc":{"start":{"line":59,"column":32},"end":{"line":61,"column":5}},"line":59},"17":{"name":"(anonymous_17)","decl":{"start":{"line":63,"column":13},"end":{"line":63,"column":14}},"loc":{"start":{"line":63,"column":25},"end":{"line":65,"column":9}},"line":63},"18":{"name":"(anonymous_18)","decl":{"start":{"line":66,"column":13},"end":{"line":66,"column":14}},"loc":{"start":{"line":66,"column":30},"end":{"line":68,"column":9}},"line":66},"19":{"name":"(anonymous_19)","decl":{"start":{"line":72,"column":41},"end":{"line":72,"column":42}},"loc":{"start":{"line":72,"column":53},"end":{"line":74,"column":5}},"line":72},"20":{"name":"(anonymous_20)","decl":{"start":{"line":75,"column":46},"end":{"line":75,"column":47}},"loc":{"start":{"line":75,"column":88},"end":{"line":83,"column":5}},"line":75},"21":{"name":"(anonymous_21)","decl":{"start":{"line":87,"column":39},"end":{"line":87,"column":40}},"loc":{"start":{"line":87,"column":57},"end":{"line":115,"column":1}},"line":87},"22":{"name":"FloatingParameter","decl":{"start":{"line":89,"column":13},"end":{"line":89,"column":30}},"loc":{"start":{"line":89,"column":33},"end":{"line":91,"column":5}},"line":89},"23":{"name":"(anonymous_23)","decl":{"start":{"line":93,"column":13},"end":{"line":93,"column":14}},"loc":{"start":{"line":93,"column":25},"end":{"line":95,"column":9}},"line":93},"24":{"name":"(anonymous_24)","decl":{"start":{"line":96,"column":13},"end":{"line":96,"column":14}},"loc":{"start":{"line":96,"column":30},"end":{"line":98,"column":9}},"line":96},"25":{"name":"(anonymous_25)","decl":{"start":{"line":102,"column":42},"end":{"line":102,"column":43}},"loc":{"start":{"line":102,"column":54},"end":{"line":104,"column":5}},"line":102},"26":{"name":"(anonymous_26)","decl":{"start":{"line":105,"column":47},"end":{"line":105,"column":48}},"loc":{"start":{"line":105,"column":89},"end":{"line":113,"column":5}},"line":105},"27":{"name":"(anonymous_27)","decl":{"start":{"line":117,"column":38},"end":{"line":117,"column":39}},"loc":{"start":{"line":117,"column":56},"end":{"line":134,"column":1}},"line":117},"28":{"name":"BooleanParameter","decl":{"start":{"line":119,"column":13},"end":{"line":119,"column":29}},"loc":{"start":{"line":119,"column":32},"end":{"line":121,"column":5}},"line":119},"29":{"name":"(anonymous_29)","decl":{"start":{"line":122,"column":41},"end":{"line":122,"column":42}},"loc":{"start":{"line":122,"column":53},"end":{"line":124,"column":5}},"line":122},"30":{"name":"(anonymous_30)","decl":{"start":{"line":125,"column":46},"end":{"line":125,"column":47}},"loc":{"start":{"line":125,"column":88},"end":{"line":132,"column":5}},"line":125},"31":{"name":"(anonymous_31)","decl":{"start":{"line":136,"column":39},"end":{"line":136,"column":40}},"loc":{"start":{"line":136,"column":57},"end":{"line":153,"column":1}},"line":136},"32":{"name":"DurationParameter","decl":{"start":{"line":138,"column":13},"end":{"line":138,"column":30}},"loc":{"start":{"line":138,"column":33},"end":{"line":140,"column":5}},"line":138},"33":{"name":"(anonymous_33)","decl":{"start":{"line":141,"column":42},"end":{"line":141,"column":43}},"loc":{"start":{"line":141,"column":54},"end":{"line":143,"column":5}},"line":141},"34":{"name":"(anonymous_34)","decl":{"start":{"line":144,"column":47},"end":{"line":144,"column":48}},"loc":{"start":{"line":144,"column":89},"end":{"line":151,"column":5}},"line":144},"35":{"name":"(anonymous_35)","decl":{"start":{"line":155,"column":39},"end":{"line":155,"column":40}},"loc":{"start":{"line":155,"column":57},"end":{"line":172,"column":1}},"line":155},"36":{"name":"DateTimeParameter","decl":{"start":{"line":157,"column":13},"end":{"line":157,"column":30}},"loc":{"start":{"line":157,"column":33},"end":{"line":159,"column":5}},"line":157},"37":{"name":"(anonymous_37)","decl":{"start":{"line":160,"column":42},"end":{"line":160,"column":43}},"loc":{"start":{"line":160,"column":54},"end":{"line":162,"column":5}},"line":160},"38":{"name":"(anonymous_38)","decl":{"start":{"line":163,"column":47},"end":{"line":163,"column":48}},"loc":{"start":{"line":163,"column":89},"end":{"line":170,"column":5}},"line":163},"39":{"name":"(anonymous_39)","decl":{"start":{"line":174,"column":30},"end":{"line":174,"column":31}},"loc":{"start":{"line":174,"column":42},"end":{"line":191,"column":1}},"line":174},"40":{"name":"DateTime","decl":{"start":{"line":175,"column":13},"end":{"line":175,"column":21}},"loc":{"start":{"line":175,"column":24},"end":{"line":176,"column":5}},"line":175},"41":{"name":"(anonymous_41)","decl":{"start":{"line":178,"column":13},"end":{"line":178,"column":14}},"loc":{"start":{"line":178,"column":25},"end":{"line":180,"column":9}},"line":178},"42":{"name":"(anonymous_42)","decl":{"start":{"line":181,"column":13},"end":{"line":181,"column":14}},"loc":{"start":{"line":181,"column":29},"end":{"line":183,"column":9}},"line":181},"43":{"name":"(anonymous_43)","decl":{"start":{"line":187,"column":34},"end":{"line":187,"column":35}},"loc":{"start":{"line":187,"column":46},"end":{"line":189,"column":5}},"line":187}},"branchMap":{"0":{"loc":{"start":{"line":2,"column":16},"end":{"line":14,"column":4}},"type":"binary-expr","locations":[{"start":{"line":2,"column":17},"end":{"line":2,"column":21}},{"start":{"line":2,"column":25},"end":{"line":2,"column":39}},{"start":{"line":2,"column":44},"end":{"line":14,"column":4}}],"line":2},"1":{"loc":{"start":{"line":4,"column":24},"end":{"line":6,"column":86}},"type":"binary-expr","locations":[{"start":{"line":4,"column":24},"end":{"line":4,"column":45}},{"start":{"line":5,"column":13},"end":{"line":5,"column":47}},{"start":{"line":5,"column":51},"end":{"line":5,"column":87}},{"start":{"line":6,"column":12},"end":{"line":6,"column":86}}],"line":4},"2":{"loc":{"start":{"line":6,"column":47},"end":{"line":6,"column":84}},"type":"if","locations":[{"start":{"line":6,"column":47},"end":{"line":6,"column":84}},{"start":{"line":6,"column":47},"end":{"line":6,"column":84}}],"line":6},"3":{"loc":{"start":{"line":12,"column":22},"end":{"line":12,"column":92}},"type":"cond-expr","locations":[{"start":{"line":12,"column":35},"end":{"line":12,"column":51}},{"start":{"line":12,"column":55},"end":{"line":12,"column":91}}],"line":12},"4":{"loc":{"start":{"line":20,"column":15},"end":{"line":20,"column":40}},"type":"binary-expr","locations":[{"start":{"line":20,"column":15},"end":{"line":20,"column":32}},{"start":{"line":20,"column":36},"end":{"line":20,"column":40}}],"line":20},"5":{"loc":{"start":{"line":41,"column":15},"end":{"line":41,"column":40}},"type":"binary-expr","locations":[{"start":{"line":41,"column":15},"end":{"line":41,"column":32}},{"start":{"line":41,"column":36},"end":{"line":41,"column":40}}],"line":41},"6":{"loc":{"start":{"line":60,"column":15},"end":{"line":60,"column":40}},"type":"binary-expr","locations":[{"start":{"line":60,"column":15},"end":{"line":60,"column":32}},{"start":{"line":60,"column":36},"end":{"line":60,"column":40}}],"line":60},"7":{"loc":{"start":{"line":90,"column":15},"end":{"line":90,"column":40}},"type":"binary-expr","locations":[{"start":{"line":90,"column":15},"end":{"line":90,"column":32}},{"start":{"line":90,"column":36},"end":{"line":90,"column":40}}],"line":90},"8":{"loc":{"start":{"line":120,"column":15},"end":{"line":120,"column":40}},"type":"binary-expr","locations":[{"start":{"line":120,"column":15},"end":{"line":120,"column":32}},{"start":{"line":120,"column":36},"end":{"line":120,"column":40}}],"line":120},"9":{"loc":{"start":{"line":139,"column":15},"end":{"line":139,"column":40}},"type":"binary-expr","locations":[{"start":{"line":139,"column":15},"end":{"line":139,"column":32}},{"start":{"line":139,"column":36},"end":{"line":139,"column":40}}],"line":139},"10":{"loc":{"start":{"line":158,"column":15},"end":{"line":158,"column":40}},"type":"binary-expr","locations":[{"start":{"line":158,"column":15},"end":{"line":158,"column":32}},{"start":{"line":158,"column":36},"end":{"line":158,"column":40}}],"line":158}},"s":{"0":1,"1":1,"2":1,"3":0,"4":0,"5":0,"6":0,"7":1,"8":1,"9":7,"10":7,"11":7,"12":1,"13":1,"14":1,"15":1,"16":7,"17":1,"18":0,"19":7,"20":1,"21":0,"22":1,"23":1,"24":1,"25":1,"26":1,"27":1,"28":0,"29":1,"30":0,"31":0,"32":0,"33":0,"34":0,"35":0,"36":1,"37":1,"38":1,"39":1,"40":1,"41":1,"42":0,"43":1,"44":1,"45":0,"46":1,"47":1,"48":1,"49":1,"50":1,"51":1,"52":1,"53":1,"54":1,"55":1,"56":1,"57":1,"58":2,"59":1,"60":0,"61":2,"62":1,"63":0,"64":1,"65":4,"66":4,"67":4,"68":4,"69":4,"70":4,"71":4,"72":1,"73":1,"74":1,"75":1,"76":3,"77":1,"78":0,"79":1,"80":5,"81":5,"82":5,"83":5,"84":5,"85":5,"86":1,"87":1,"88":1,"89":1,"90":0,"91":1,"92":0,"93":1,"94":0,"95":0,"96":0,"97":0,"98":0,"99":0,"100":1,"101":1,"102":1,"103":1,"104":0,"105":1,"106":0,"107":1,"108":0,"109":0,"110":0,"111":0,"112":0,"113":0,"114":1,"115":1,"116":1,"117":1,"118":2,"119":1,"120":1,"121":1,"122":1,"123":1},"f":{"0":1,"1":1,"2":0,"3":0,"4":7,"5":7,"6":1,"7":7,"8":0,"9":7,"10":0,"11":1,"12":1,"13":0,"14":0,"15":1,"16":1,"17":0,"18":1,"19":0,"20":1,"21":1,"22":2,"23":0,"24":2,"25":0,"26":4,"27":1,"28":3,"29":0,"30":5,"31":1,"32":0,"33":0,"34":0,"35":1,"36":0,"37":0,"38":0,"39":1,"40":1,"41":2,"42":1,"43":1},"b":{"0":[1,1,1],"1":[1,0,0,0],"2":[0,0],"3":[0,7],"4":[7,7],"5":[1,0],"6":[1,0],"7":[2,0],"8":[3,0],"9":[0,0],"10":[0,0]},"_coverageSchema":"43e27e138ebf9cfc5966b082cf9a028302ed4184","hash":"a39a1533ce7a44442c10b722780b72cf5907bc40","contentHash":"0e9a0389fbeb55ab495d365b949ae6a330b4bd3286a0f881246e1fff09d6579c"},"/mnt/8cf5bec7-9abe-428f-b59e-251fc897896c/Documents/bpmn-simulation/app/types/parameter_type/ParameterValue.ts":{"path":"/mnt/8cf5bec7-9abe-428f-b59e-251fc897896c/Documents/bpmn-simulation/app/types/parameter_type/ParameterValue.ts","statementMap":{"0":{"start":{"line":2,"column":0},"end":{"line":2,"column":62}},"1":{"start":{"line":3,"column":36},"end":{"line":66,"column":3}},"2":{"start":{"line":7,"column":4},"end":{"line":16,"column":7}},"3":{"start":{"line":9,"column":12},"end":{"line":9,"column":34}},"4":{"start":{"line":12,"column":12},"end":{"line":12,"column":35}},"5":{"start":{"line":17,"column":4},"end":{"line":26,"column":7}},"6":{"start":{"line":19,"column":12},"end":{"line":19,"column":34}},"7":{"start":{"line":22,"column":12},"end":{"line":22,"column":35}},"8":{"start":{"line":27,"column":4},"end":{"line":36,"column":7}},"9":{"start":{"line":29,"column":12},"end":{"line":29,"column":32}},"10":{"start":{"line":32,"column":12},"end":{"line":32,"column":33}},"11":{"start":{"line":37,"column":4},"end":{"line":46,"column":7}},"12":{"start":{"line":39,"column":12},"end":{"line":39,"column":41}},"13":{"start":{"line":42,"column":12},"end":{"line":42,"column":42}},"14":{"start":{"line":47,"column":4},"end":{"line":49,"column":6}},"15":{"start":{"line":48,"column":8},"end":{"line":48,"column":32}},"16":{"start":{"line":50,"column":4},"end":{"line":54,"column":6}},"17":{"start":{"line":51,"column":8},"end":{"line":53,"column":9}},"18":{"start":{"line":52,"column":12},"end":{"line":52,"column":49}},"19":{"start":{"line":56,"column":4},"end":{"line":61,"column":6}},"20":{"start":{"line":57,"column":8},"end":{"line":57,"column":75}},"21":{"start":{"line":58,"column":8},"end":{"line":58,"column":76}},"22":{"start":{"line":59,"column":8},"end":{"line":59,"column":72}},"23":{"start":{"line":60,"column":8},"end":{"line":60,"column":90}},"24":{"start":{"line":62,"column":4},"end":{"line":64,"column":6}},"25":{"start":{"line":65,"column":4},"end":{"line":65,"column":26}},"26":{"start":{"line":67,"column":0},"end":{"line":67,"column":40}}},"fnMap":{"0":{"name":"(anonymous_0)","decl":{"start":{"line":3,"column":36},"end":{"line":3,"column":37}},"loc":{"start":{"line":3,"column":48},"end":{"line":66,"column":1}},"line":3},"1":{"name":"ParameterValue","decl":{"start":{"line":4,"column":13},"end":{"line":4,"column":27}},"loc":{"start":{"line":4,"column":30},"end":{"line":5,"column":5}},"line":4},"2":{"name":"(anonymous_2)","decl":{"start":{"line":8,"column":13},"end":{"line":8,"column":14}},"loc":{"start":{"line":8,"column":25},"end":{"line":10,"column":9}},"line":8},"3":{"name":"(anonymous_3)","decl":{"start":{"line":11,"column":13},"end":{"line":11,"column":14}},"loc":{"start":{"line":11,"column":30},"end":{"line":13,"column":9}},"line":11},"4":{"name":"(anonymous_4)","decl":{"start":{"line":18,"column":13},"end":{"line":18,"column":14}},"loc":{"start":{"line":18,"column":25},"end":{"line":20,"column":9}},"line":18},"5":{"name":"(anonymous_5)","decl":{"start":{"line":21,"column":13},"end":{"line":21,"column":14}},"loc":{"start":{"line":21,"column":30},"end":{"line":23,"column":9}},"line":21},"6":{"name":"(anonymous_6)","decl":{"start":{"line":28,"column":13},"end":{"line":28,"column":14}},"loc":{"start":{"line":28,"column":25},"end":{"line":30,"column":9}},"line":28},"7":{"name":"(anonymous_7)","decl":{"start":{"line":31,"column":13},"end":{"line":31,"column":14}},"loc":{"start":{"line":31,"column":30},"end":{"line":33,"column":9}},"line":31},"8":{"name":"(anonymous_8)","decl":{"start":{"line":38,"column":13},"end":{"line":38,"column":14}},"loc":{"start":{"line":38,"column":25},"end":{"line":40,"column":9}},"line":38},"9":{"name":"(anonymous_9)","decl":{"start":{"line":41,"column":13},"end":{"line":41,"column":14}},"loc":{"start":{"line":41,"column":30},"end":{"line":43,"column":9}},"line":41},"10":{"name":"(anonymous_10)","decl":{"start":{"line":47,"column":39},"end":{"line":47,"column":40}},"loc":{"start":{"line":47,"column":51},"end":{"line":49,"column":5}},"line":47},"11":{"name":"(anonymous_11)","decl":{"start":{"line":50,"column":54},"end":{"line":50,"column":55}},"loc":{"start":{"line":50,"column":89},"end":{"line":54,"column":5}},"line":50},"12":{"name":"(anonymous_12)","decl":{"start":{"line":56,"column":67},"end":{"line":56,"column":68}},"loc":{"start":{"line":56,"column":89},"end":{"line":61,"column":5}},"line":56},"13":{
[...]
:{"line":91,"column":12},"end":{"line":91,"column":35}},"29":{"start":{"line":96,"column":4},"end":{"line":105,"column":7}},"30":{"start":{"line":98,"column":12},"end":{"line":98,"column":37}},"31":{"start":{"line":101,"column":12},"end":{"line":101,"column":38}},"32":{"start":{"line":106,"column":4},"end":{"line":108,"column":6}},"33":{"start":{"line":107,"column":8},"end":{"line":107,"column":32}},"34":{"start":{"line":109,"column":4},"end":{"line":144,"column":6}},"35":{"start":{"line":110,"column":21},"end":{"line":110,"column":36}},"36":{"start":{"line":111,"column":21},"end":{"line":111,"column":66}},"37":{"start":{"line":112,"column":39},"end":{"line":112,"column":113}},"38":{"start":{"line":113,"column":8},"end":{"line":115,"column":9}},"39":{"start":{"line":114,"column":12},"end":{"line":114,"column":122}},"40":{"start":{"line":116,"column":8},"end":{"line":118,"column":9}},"41":{"start":{"line":117,"column":12},"end":{"line":117,"column":128}},"42":{"start":{"line":119,"column":8},"end":{"line":121,"column":9}},"43":{"start":{"line":120,"column":12},"end":{"line":120,"column":120}},"44":{"start":{"line":122,"column":8},"end":{"line":124,"column":9}},"45":{"start":{"line":123,"column":12},"end":{"line":123,"column":134}},"46":{"start":{"line":125,"column":8},"end":{"line":127,"column":9}},"47":{"start":{"line":126,"column":12},"end":{"line":126,"column":124}},"48":{"start":{"line":128,"column":8},"end":{"line":130,"column":9}},"49":{"start":{"line":129,"column":12},"end":{"line":129,"column":126}},"50":{"start":{"line":131,"column":8},"end":{"line":133,"column":9}},"51":{"start":{"line":132,"column":12},"end":{"line":132,"column":124}},"52":{"start":{"line":134,"column":8},"end":{"line":136,"column":9}},"53":{"start":{"line":135,"column":12},"end":{"line":135,"column":130}},"54":{"start":{"line":137,"column":8},"end":{"line":139,"column":9}},"55":{"start":{"line":138,"column":12},"end":{"line":138,"column":134}},"56":{"start":{"line":140,"column":8},"end":{"line":142,"column":9}},"57":{"start":{"line":141,"column":12},"end":{"line":141,"column":122}},"58":{"start":{"line":143,"column":8},"end":{"line":143,"column":40}},"59":{"start":{"line":145,"column":4},"end":{"line":145,"column":26}},"60":{"start":{"line":147,"column":0},"end":{"line":147,"column":40}}},"fnMap":{"0":{"name":"(anonymous_0)","decl":{"start":{"line":3,"column":36},"end":{"line":3,"column":37}},"loc":{"start":{"line":3,"column":48},"end":{"line":146,"column":1}},"line":3},"1":{"name":"TimeParameters","decl":{"start":{"line":4,"column":13},"end":{"line":4,"column":27}},"loc":{"start":{"line":4,"column":30},"end":{"line":5,"column":5}},"line":4},"2":{"name":"(anonymous_2)","decl":{"start":{"line":7,"column":13},"end":{"line":7,"column":14}},"loc":{"start":{"line":7,"column":25},"end":{"line":9,"column":9}},"line":7},"3":{"name":"(anonymous_3)","decl":{"start":{"line":10,"column":13},"end":{"line":10,"column":14}},"loc":{"start":{"line":10,"column":30},"end":{"line":12,"column":9}},"line":10},"4":{"name":"(anonymous_4)","decl":{"start":{"line":17,"column":13},"end":{"line":17,"column":14}},"loc":{"start":{"line":17,"column":25},"end":{"line":19,"column":9}},"line":17},"5":{"name":"(anonymous_5)","decl":{"start":{"line":20,"column":13},"end":{"line":20,"column":14}},"loc":{"start":{"line":20,"column":30},"end":{"line":22,"column":9}},"line":20},"6":{"name":"(anonymous_6)","decl":{"start":{"line":27,"column":13},"end":{"line":27,"column":14}},"loc":{"start":{"line":27,"column":25},"end":{"line":29,"column":9}},"line":27},"7":{"name":"(anonymous_7)","decl":{"start":{"line":30,"column":13},"end":{"line":30,"column":14}},"loc":{"start":{"line":30,"column":30},"end":{"line":32,"column":9}},"line":30},"8":{"name":"(anonymous_8)","decl":{"start":{"line":37,"column":13},"end":{"line":37,"column":14}},"loc":{"start":{"line":37,"column":25},"end":{"line":39,"column":9}},"line":37},"9":{"name":"(anonymous_9)","decl":{"start":{"line":40,"column":13},"end":{"line":40,"column":14}},"loc":{"start":{"line":40,"column":30},"end":{"line":42,"column":9}},"line":40},"10":{"name":"(anonymous_10)","decl":{"start":{"line":47,"column":13},"end":{"line":47,"column":14}},"loc":{"start":{"line":47,"column":25},"end":{"line":49,"column":9}},"line":47},"11":{"name":"(anonymous_11)","decl":{"start":{"line":50,"column":13},"end":{"line":50,"column":14}},"loc":{"start":{"line":50,"column":30},"end":{"line":52,"column":9}},"line":50},"12":{"name":"(anonymous_12)","decl":{"start":{"line":57,"column":13},"end":{"line":57,"column":14}},"loc":{"start":{"line":57,"column":25},"end":{"line":59,"column":9}},"line":57},"13":{"name":"(anonymous_13)","decl":{"start":{"line":60,"column":13},"end":{"line":60,"column":14}},"loc":{"start":{"line":60,"column":30},"end":{"line":62,"column":9}},"line":60},"14":{"name":"(anonymous_14)","decl":{"start":{"line":67,"column":13},"end":{"line":67,"column":14}},"loc":{"start":{"line":67,"column":25},"end":{"line":69,"column":9}},"line":67},"15":{"name":"(anonymous_15)","decl":{"start":{"line":70,"column":13},"end":{"line":70,"column":14}},"loc":{"start":{"line":70,"column":30},"end":{"line":72,"column":9}},"line":70},"16":{"name":"(anonymous_16)","decl":{"start":{"line":77,"column":13},"end":{"line":77,"column":14}},"loc":{"start":{"line":77,"column":25},"end":{"line":79,"column":9}},"line":77},"17":{"name":"(anonymous_17)","decl":{"start":{"line":80,"column":13},"end":{"line":80,"column":14}},"loc":{"start":{"line":80,"column":30},"end":{"line":82,"column":9}},"line":80},"18":{"name":"(anonymous_18)","decl":{"start":{"line":87,"column":13},"end":{"line":87,"column":14}},"loc":{"start":{"line":87,"column":25},"end":{"line":89,"column":9}},"line":87},"19":{"name":"(anonymous_19)","decl":{"start":{"line":90,"column":13},"end":{"line":90,"column":14}},"loc":{"start":{"line":90,"column":30},"end":{"line":92,"column":9}},"line":90},"20":{"name":"(anonymous_20)","decl":{"start":{"line":97,"column":13},"end":{"line":97,"column":14}},"loc":{"start":{"line":97,"column":25},"end":{"line":99,"column":9}},"line":97},"21":{"name":"(anonymous_21)","decl":{"start":{"line":100,"column":13},"end":{"line":100,"column":14}},"loc":{"start":{"line":100,"column":30},"end":{"line":102,"column":9}},"line":100},"22":{"name":"(anonymous_22)","decl":{"start":{"line":106,"column":39},"end":{"line":106,"column":40}},"loc":{"start":{"line":106,"column":51},"end":{"line":108,"column":5}},"line":106},"23":{"name":"(anonymous_23)","decl":{"start":{"line":109,"column":44},"end":{"line":109,"column":45}},"loc":{"start":{"line":109,"column":86},"end":{"line":144,"column":5}},"line":109}},"branchMap":{"0":{"loc":{"start":{"line":113,"column":8},"end":{"line":115,"column":9}},"type":"if","locations":[{"start":{"line":113,"column":8},"end":{"line":115,"column":9}},{"start":{"line":113,"column":8},"end":{"line":115,"column":9}}],"line":113},"1":{"loc":{"start":{"line":116,"column":8},"end":{"line":118,"column":9}},"type":"if","locations":[{"start":{"line":116,"column":8},"end":{"line":118,"column":9}},{"start":{"line":116,"column":8},"end":{"line":118,"column":9}}],"line":116},"2":{"loc":{"start":{"line":119,"column":8},"end":{"line":121,"column":9}},"type":"if","locations":[{"start":{"line":119,"column":8},"end":{"line":121,"column":9}},{"start":{"line":119,"column":8},"end":{"line":121,"column":9}}],"line":119},"3":{"loc":{"start":{"line":122,"column":8},"end":{"line":124,"column":9}},"type":"if","locations":[{"start":{"line":122,"column":8},"end":{"line":124,"column":9}},{"start":{"line":122,"column":8},"end":{"line":124,"column":9}}],"line":122},"4":{"loc":{"start":{"line":125,"column":8},"end":{"line":127,"column":9}},"type":"if","locations":[{"start":{"line":125,"column":8},"end":{"line":127,"column":9}},{"start":{"line":125,"column":8},"end":{"line":127,"column":9}}],"line":125},"5":{"loc":{"start":{"line":128,"column":8},"end":{"line":130,"column":9}},"type":"if","locations":[{"start":{"line":128,"column":8},"end":{"line":130,"column":9}},{"start":{"line":128,"column":8},"end":{"line":130,"column":9}}],"line":128},"6":{"loc":{"start":{"line":131,"column":8},"end":{"line":133,"column":9}},"type":"if","locations":[{"start":{"line":131,"column":8},"end":{"line":133,"column":9}},{"start":{"line":131,"column":8},"end":{"line":133,"column":9}}],"line":131},"7":{"loc":{"start":{"line":134,"column":8},"end":{"line":136,"column":9}},"type":"if","locations":[{"start":{"line":134,"column":8},"end":{"line":136,"column":9}},{"start":{"line":134,"column":8},"end":{"line":136,"column":9}}],"line":134},"8":{"loc":{"start":{"line":137,"column":8},"end":{"line":139,"column":9}},"type":"if","locations":[{"start":{"line":137,"column":8},"end":{"line":139,"column":9}},{"start":{"line":137,"column":8},"end":{"line":139,"column":9}}],"line":137},"9":{"loc":{"start":{"line":140,"column":8},"end":{"line":142,"column":9}},"type":"if","locations":[{"start":{"line":140,"column":8},"end":{"line":142,"column":9}},{"start":{"line":140,"column":8},"end":{"line":142,"column":9}}],"line":140}},"s":{"0":1,"1":1,"2":1,"3":0,"4":0,"5":1,"6":0,"7":0,"8":1,"9":0,"10":0,"11":1,"12":0,"13":0,"14":1,"15":0,"16":0,"17":1,"18":0,"19":0,"20":1,"21":0,"22":0,"23":1,"24":0,"25":1,"26":1,"27":0,"28":0,"29":1,"30":0,"31":0,"32":1,"33":0,"34":1,"35":1,"36":1,"37":1,"38":1,"39":0,"40":1,"41":0,"42":1,"43":1,"44":1,"45":0,"46":1,"47":0,"48":1,"49":0,"50":1,"51":0,"52":1,"53":0,"54":1,"55":0,"56":1,"57":0,"58":1,"59":1,"60":1},"f":{"0":1,"1":1,"2":0,"3":0,"4":0,"5":0,"6":0,"7":0,"8":0,"9":0,"10":0,"11":0,"12":0,"13":0,"14":0,"15":0,"16":0,"17":1,"18":0,"19":0,"20":0,"21":0,"22":0,"23":1},"b":{"0":[0,1],"1":[0,1],"2":[1,0],"3":[0,1],"4":[0,1],"5":[0,1],"6":[0,1],"7":[0,1],"8":[0,1],"9":[0,1]},"_coverageSchema":"43e27e138ebf9cfc5966b082cf9a028302ed4184","hash":"dab8ee2f93f3bea9e8b135e73f84b543a6ff0c82","contentHash":"d23dfaadb9863e29ab3a3e7845f630eec448c9a3df9b0086d6e4c02924d4a3cb"},"/mnt/8cf5bec7-9abe-428f-b59e-251fc897896c/Documents/bpmn-simulation/app/types/parameters/ResourceParameters.ts":{"path":"/mnt/8cf5bec7-9abe-428f-b59e-251fc897896c/Documents/bpmn-simulation/app/types/parameters/ResourceParameters.ts","statementMap":{"0":{"start":{"line":2,"column":0},"end":{"line":2,"column":62}},"1":{"start":{"line":3,"column":40},"end":{"line":71,"column":3}},"2":{"start":{"line":5,"column":8},"end":{"line":5,"column":24}},"3":{"start":{"line":7,"column":4},"end":{"line":16,"column":7}},"4":{"start":{"line":9,"column":12},"end":{"line":9,"column":38}},"5":{"start":{"line":12,"column":12},"end":{"line":12,"column":39}},"6":{"start":{"line":17,"column":4},"end":{"line":26,"column":7}},"7":{"start":{"line":19,"column":12},"end":{"line":19,"column":34}},"8":{"start":{"line":22,"column":12},"end":{"line":22,"column":35}},"9":{"start":{"line":27,"column":4},"end":{"line":36,"column":7}},"10":{"start":{"line":29,"column":12},"end":{"line":29,"column":35}},"11":{"start":{"line":32,"column":12},"end":{"line":32,"column":36}},"12":{"start":{"line":37,"column":4},"end":{"line":48,"column":7}},"13":{"start":{"line":39,"column":12},"end":{"line":39,"column":30}},"14":{"start":{"line":42,"column":12},"end":{"line":44,"column":13}},"15":{"start":{"line":42,"column":25},"end":{"line":42,"column":26}},"16":{"start":{"line":43,"column":16},"end":{"line":43,"column":42}},"17":{"start":{"line":49,"column":4},"end":{"line":51,"column":6}},"18":{"start":{"line":50,"column":8},"end":{"line":50,"column":36}},"19":{"start":{"line":52,"column":4},"end":{"line":69,"column":6}},"20":{"start":{"line":53,"column":21},"end":{"line":53,"column":36}},"21":{"start":{"line":54,"column":21},"end":{"line":54,"column":66}},"22":{"start":{"line":55,"column":43},"end":{"line":55,"column":121}},"23":{"start":{"line":56,"column":8},"end":{"line":58,"column":9}},"24":{"start":{"line":57,"column":12},"end":{"line":57,"column":134}},"25":{"start":{"line":59,"column":8},"end":{"line":61,"column":9}},"26":{"start":{"line":60,"column":12},"end":{"line":60,"column":126}},"27":{"start":{"line":62,"column":8},"end":{"line":64,"column":9}},"28":{"start":{"line":63,"column":12},"end":{"line":63,"column":128}},"29":{"start":{"line":65,"column":8},"end":{"line":67,"column":9}},"30":{"start":{"line":65,"column":21},"end":{"line":65,"column":22}},"31":{"start":{"line":66,"column":12},"end":{"line":66,"column":121}},"32":{"start":{"line":68,"column":8},"end":{"line":68,"column":44}},"33":{"start":{"line":70,"column":4},"end":{"line":70,"column":30}},"34":{"start":{"line":72,"column":0},"end":{"line":72,"column":48}}},"fnMap":{"0":{"name":"(anonymous_0)","decl":{"start":{"line":3,"column":40},"end":{"line":3,"column":41}},"loc":{"start":{"line":3,"column":52},"end":{"line":71,"column":1}},"line":3},"1":{"name":"ResourceParameters","decl":{"start":{"line":4,"column":13},"end":{"line":4,"column":31}},"loc":{"start":{"line":4,"column":34},"end":{"line":6,"column":5}},"line":4},"2":{"name":"(anonymous_2)","decl":{"start":{"line":8,"column":13},"end":{"line":8,"column":14}},"loc":{"start":{"line":8,"column":25},"end":{"line":10,"column":9}},"line":8},"3":{"name":"(anonymous_3)","decl":{"start":{"line":11,"column":13},"end":{"line":11,"column":14}},"loc":{"start":{"line":11,"column":30},"end":{"line":13,"column":9}},"line":11},"4":{"name":"(anonymous_4)","decl":{"start":{"line":18,"column":13},"end":{"line":18,"column":14}},"loc":{"start":{"line":18,"column":25},"end":{"line":20,"column":9}},"line":18},"5":{"name":"(anonymous_5)","decl":{"start":{"line":21,"column":13},"end":{"line":21,"column":14}},"loc":{"start":{"line":21,"column":30},"end":{"line":23,"column":9}},"line":21},"6":{"name":"(anonymous_6)","decl":{"start":{"line":28,"column":13},"end":{"line":28,"column":14}},"loc":{"start":{"line":28,"column":25},"end":{"line":30,"column":9}},"line":28},"7":{"name":"(anonymous_7)","decl":{"start":{"line":31,"column":13},"end":{"line":31,"column":14}},"loc":{"start":{"line":31,"column":30},"end":{"line":33,"column":9}},"line":31},"8":{"name":"(anonymous_8)","decl":{"start":{"line":38,"column":13},"end":{"line":38,"column":14}},"loc":{"start":{"line":38,"column":25},"end":{"line":40,"column":9}},"line":38},"9":{"name":"(anonymous_9)","decl":{"start":{"line":41,"column":13},"end":{"line":41,"column":14}},"loc":{"start":{"line":41,"column":30},"end":{"line":45,"column":9}},"line":41},"10":{"name":"(anonymous_10)","decl":{"start":{"line":49,"column":43},"end":{"line":49,"column":44}},"loc":{"start":{"line":49,"column":55},"end":{"line":51,"column":5}},"line":49},"11":{"name":"(anonymous_11)","decl":{"start":{"line":52,"column":48},"end":{"line":52,"column":49}},"loc":{"start":{"line":52,"column":90},"end":{"line":69,"column":5}},"line":52}},"branchMap":{"0":{"loc":{"start":{"line":56,"column":8},"end":{"line":58,"column":9}},"type":"if","locations":[{"start":{"line":56,"column":8},"end":{"line":58,"column":9}},{"start":{"line":56,"column":8},"end":{"line":58,"column":9}}],"line":56},"1":{"loc":{"start":{"line":59,"column":8},"end":{"line":61,"column":9}},"type":"if","locations":[{"start":{"line":59,"column":8},"end":{"line":61,"column":9}},{"start":{"line":59,"column":8},"end":{"line":61,"column":9}}],"line":59},"2":{"loc":{"start":{"line":62,"column":8},"end":{"line":64,"column":9}},"type":"if","locations":[{"start":{"line":62,"column":8},"end":{"line":64,"column":9}},{"start":{"line":62,"column":8},"end":{"line":64,"column":9}}],"line":62}},"s":{"0":1,"1":1,"2":1,"3":1,"4":0,"5":0,"6":1,"7":0,"8":0,"9":1,"10":0,"11":0,"12":1,"13":0,"14":1,"15":1,"16":2,"17":1,"18":0,"19":1,"20":1,"21":1,"22":1,"23":1,"24":0,"25":1,"26":0,"27":1,"28":0,"29":1,"30":1,"31":2,"32":1,"33":1,"34":1},"f":{"0":1,"1":1,"2":0,"3":0,"4":0,"5":0,"6":0,"7":0,"8":0,"9":1,"10":0,"11":1},"b":{"0":[0,1],"1":[0,1],"2":[0,1]},"_coverageSchema":"43e27e138ebf9cfc5966b082cf9a028302ed4184","hash":"93963b9b635b6c91d5d76f0fcb081aa52ada8992","contentHash":"35eea56dcd673cbe3fe4d7af59de36af4b34a0aa1e6eac0f6c484343e0f70254"},"/mnt/8cf5bec7-9abe-428f-b59e-251fc897896c/Documents/bpmn-simulation/app/types/parameters/PriorityParameters.ts":{"path":"/mnt/8cf5bec7-9abe-428f-b59e-251fc897896c/Documents/bpmn-simulation/app/types/parameters/PriorityParameters.ts","statementMap":{"0":{"start":{"line":2,"column":0},"end":{"line":2,"column":62}},"1":{"start":{"line":3,"column":40},"end":{"line":42,"column":3}},"2":{"start":{"line":6,"column":4},"end":{"line":15,"column":7}},"3":{"start":{"line":8,"column":12},"end":{"line":8,"column":39}},"4":{"start":{"line":11,"column":12},"end":{"line":11,"column":40}},"5":{"start":{"line":16,"column":4},"end":{"line":25,"column":7}},"6":{"start":{"line":18,"column":12},"end":{"line":18,"column":34}},"7":{"start":{"line":21,"column":12},"end":{"line":21,"column":35}},"8":{"start":{"line":26,"column":4},"end":{"line":28,"column":6}},"9":{"start":{"line":27,"column":8},"end":{"line":27,"column":36}},"10":{"start":{"line":29,"column":4},"end":{"line":40,"column":6}},"11":{"start":{"line":30,"column":21},"end":{"line":30,"column":36}},"12":{"start":{"line":31,"column":21},"end":{"line":31,"column":66}},"13":{"start":{"line":32,"column":43},"end":{"line":32,"column":121}},"14":{"start":{"line":33,"column":8},"end":{"line":35,"column":9}},"15":{"start":{"line":34,"column":12},"end":{"line":34,"column":136}},"16":{"start":{"line":36,"column":8},"end":{"line":38,"column":9}},"17":{"start":{"line":37,"column":12},"end":{"line":37,"column":126}},"18":{"start":{"line":39,"column":8},"end":{"line":39,"column":44}},"19":{"start":{"line":41,"column":4},"end":{"line":41,"column":30}},"20":{"start":{"line":43,"column":0},"end":{"line":43,"column":48}}},"fnMap":{"0":{"name":"(anonymous_0)","decl":{"start":{"line":3,"column":40},"end":{"line":3,"column":41}},"loc":{"start":{"line":3,"column":52},"end":{"line":42,"column":1}},"line":3},"1":{"name":"PriorityParameters","decl":{"start":{"line":4,"column":13},"end":{"line":4,"column":31}},"loc":{"start":{"line":4,"column":34},"end":{"line":5,"column":5}},"line":4},"2":{"name":"(anonymous_2)","decl":{"start":{"line":7,"column":13},"end":{"line":7,"column":14}},"loc":{"start":{"line":7,"column":25},"end":{"line":9,"column":9}},"line":7},"3":{"name":"(anonymous_3)","decl":{"start":{"line":10,"column":13},"end":{"line":10,"column":14}},"loc":{"start":{"line":10,"column":30},"end":{"line":12,"column":9}},"line":10},"4":{"name":"(anonymous_4)","decl":{"start":{"line":17,"column":13},"end":{"line":17,"column":14}},"loc":{"start":{"line":17,"column":25},"end":{"line":19,"column":9}},"line":17},"5":{"name":"(anonymous_5)","decl":{"start":{"line":20,"column":13},"end":{"line":20,"column":14}},"loc":{"start":{"line":20,"column":30},"end":{"line":22,"column":9}},"line":20},"6":{"name":"(anonymous_6)","decl":{"start":{"line":26,"column":43},"end":{"line":26,"column":44}},"loc":{"start":{"line":26,"column":55},"end":{"line":28,"column":5}},"line":26},"7":{"name":"(anonymous_7)","decl":{"start":{"line":29,"column":48},"end":{"line":29,"column":49}},"loc":{"start":{"line":29,"column":90},"end":{"line":40,"column":5}},"line":29}},"branchMap":{"0":{"loc":{"start":{"line":33,"column":8},"end":{"line":35,"column":9}},"type":"if","locations":[{"start":{"line":33,"column":8},"end":{"line":35,"column":9}},{"start":{"line":33,"column":8},"end":{"line":35,"column":9}}],"line":33},"1":{"loc":{"start":{"line":36,"column":8},"end":{"line":38,"column":9}},"type":"if","locations":[{"start":{"line":36,"column":8},"end":{"line":38,"column":9}},{"start":{"line":36,"column":8},"end":{"line":38,"column":9}}],"line":36}},"s":{"0":1,"1":1,"2":1,"3":0,"4":1,"5":1,"6":0,"7":0,"8":1,"9":0,"10":1,"11":1,"12":1,"13":1,"14":1,"15":1,"16":1,"17":0,"18":1,"19":1,"20":1},"f":{"0":1,"1":1,"2":0,"3":1,"4":0,"5":0,"6":0,"7":1},"b":{"0":[1,0],"1":[0,1]},"_coverageSchema":"43e27e138ebf9cfc5966b082cf9a028302ed4184","hash":"ed7f5a627c4cb3f5de1275d02c8243b3a99b0c2e","contentHash":"f280d821fca706460fad0ee0d1543953aa5563a1f6ced1c03370f561b229e105"}}